 ⚠ Invalid next.config.js options detected: 
 ⚠     Unrecognized key(s) in object: 'suppressHydrationWarning' at "experimental"
 ⚠ See more info here: https://nextjs.org/docs/messages/invalid-next-config
   ▲ Next.js 15.5.3
   - Local:        http://localhost:3001
   - Network:      http://15.235.215.3:3001
   - Experiments (use with caution):
     · optimizePackageImports
     ✓ suppressHydrationWarning

 ✓ Starting...
 ✓ Ready in 1439ms
 ⚠ Found a change in next.config.js. Restarting the server to apply the changes...
   ▲ Next.js 15.5.3
   - Local:        http://localhost:3001
   - Network:      http://15.235.215.3:3001
   - Experiments (use with caution):
     · optimizePackageImports
     ✓ suppressHydrationWarning

 ✓ Starting...
 ✓ Ready in 1561ms
 ○ Compiling /api/admin/seo/pages/[id] ...
 ✓ Compiled /api/admin/seo/pages/[id] in 582ms (296 modules)
Frontend API: BACKEND_URL is: http://localhost:3006
Frontend API: BACKEND_URL is: http://localhost:3006
Error: Route "/api/admin/seo/pages/[id]" used `params.id`. `params` should be awaited before using its properties. Learn more: https://nextjs.org/docs/messages/sync-dynamic-apis
    at PUT (src/app/api/admin/seo/pages/[id]/route.ts:51:74)
  49 |
  50 |     const body = await request.json()
> 51 |     console.log('Frontend API: PUT request received for pageId:', params.id)
     |                                                                          ^
  52 |     console.log('Frontend API: Request body:', body)
  53 |
  54 |     const controller = new AbortController()
Frontend API: PUT request received for pageId: 1
Frontend API: Request body: {
  page_path: '/',
  page_title: 'Home Debug Test',
  meta_title: 'Home Debug MT FINAL',
  meta_description: 'Home Debug MD FINAL'
}
Error: Route "/api/admin/seo/pages/[id]" used `params.id`. `params` should be awaited before using its properties. Learn more: https://nextjs.org/docs/messages/sync-dynamic-apis
    at PUT (src/app/api/admin/seo/pages/[id]/route.ts:57:107)
  55 |     const timeoutId = setTimeout(() => controller.abort(), 30000) // 30 second timeout
  56 |
> 57 |     console.log('Frontend API: Sending request to backend:', `${BACKEND_URL}/api/admin/seo/pages/${params.id}`)
     |                                                                                                           ^
  58 |     const response = await fetch(`${BACKEND_URL}/api/admin/seo/pages/${params.id}`, {
  59 |       method: 'PUT',
  60 |       headers: {
Frontend API: Sending request to backend: http://localhost:3006/api/admin/seo/pages/1
Error: Route "/api/admin/seo/pages/[id]" used `params.id`. `params` should be awaited before using its properties. Learn more: https://nextjs.org/docs/messages/sync-dynamic-apis
    at PUT (src/app/api/admin/seo/pages/[id]/route.ts:58:79)
  56 |
  57 |     console.log('Frontend API: Sending request to backend:', `${BACKEND_URL}/api/admin/seo/pages/${params.id}`)
> 58 |     const response = await fetch(`${BACKEND_URL}/api/admin/seo/pages/${params.id}`, {
     |                                                                               ^
  59 |       method: 'PUT',
  60 |       headers: {
  61 |         'Authorization': token,
Frontend API: Backend response status: 200
Frontend API: Backend response ok: true
Frontend API: Parsing JSON response...
Frontend API: Parsed data: {
  message: 'SEO page updated successfully',
  page: {
    id: 1,
    page_path: '/',
    page_title: 'Home Debug Test',
    meta_title: 'Home Debug MT FINAL',
    meta_description: 'Home Debug MD FINAL',
    canonical_url: null,
    schema_markup: null,
    og_title: null,
    og_description: null,
    og_image: null,
    twitter_title: null,
    twitter_description: null,
    twitter_image: null,
    robots_meta: 'index, follow',
    keywords: null,
    created_at: '2025-09-26 17:37:52',
    updated_at: '2025-09-26 18:38:06'
  }
}
Frontend API: Returning successful response
 PUT /api/admin/seo/pages/1 200 in 1238ms
 ⚠ Found a change in next.config.js. Restarting the server to apply the changes...
   ▲ Next.js 15.5.3
   - Local:        http://localhost:3001
   - Network:      http://15.235.215.3:3001
   - Experiments (use with caution):
     · optimizePackageImports
     ✓ suppressHydrationWarning

 ✓ Starting...
 ✓ Ready in 1417ms
 ○ Compiling /admin ...
 ✓ Compiled /admin in 1654ms (1015 modules)
 GET /admin 200 in 609ms
 ○ Compiling /api/profile ...
 ✓ Compiled /api/admin/verify in 957ms (1106 modules)
 GET /favicon.ico 200 in 460ms
 GET /api/admin/verify 200 in 481ms
 GET /api/games 200 in 1091ms
 GET /api/profile 200 in 1071ms
 GET /admin 200 in 84ms
 ✓ Compiled /api/withdrawal/history in 324ms (1114 modules)
 GET /api/balance 200 in 370ms
 GET /api/transactions 200 in 360ms
 GET /api/withdrawal/history 200 in 334ms
 GET /api/admin/users 200 in 391ms
 ✓ Compiled /api/admin/withdrawals in 143ms (1116 modules)
 GET /api/admin/withdrawals 200 in 181ms
 ✓ Compiled /api/admin/kyc in 152ms (1118 modules)
 GET /api/admin/kyc 200 in 187ms
 ✓ Compiled /api/admin/seo/pages in 228ms (1120 modules)
 GET /api/admin/seo/pages 200 in 259ms
 ✓ Compiled /api/admin/seo/pages/[id] in 313ms (1122 modules)
Frontend API: BACKEND_URL is: http://localhost:3006
Frontend API: BACKEND_URL is: http://localhost:3006
Error: Route "/api/admin/seo/pages/[id]" used `params.id`. `params` should be awaited before using its properties. Learn more: https://nextjs.org/docs/messages/sync-dynamic-apis
    at PUT (src/app/api/admin/seo/pages/[id]/route.ts:51:74)
  49 |
  50 |     const body = await request.json()
> 51 |     console.log('Frontend API: PUT request received for pageId:', params.id)
     |                                                                          ^
  52 |     console.log('Frontend API: Request body:', body)
  53 |
  54 |     const controller = new AbortController()
Frontend API: PUT request received for pageId: 1
Frontend API: Request body: {
  page_path: '/',
  page_title: 'Home Debug Test',
  meta_title: 'Home Debug MT FINAL TEST 1',
  meta_description: 'Home Debug MD FINAL TEST 1',
  canonical_url: null,
  schema_markup: null,
  og_title: null,
  og_description: null,
  og_image: null,
  twitter_title: null,
  twitter_description: null,
  twitter_image: null,
  robots_meta: 'index, follow',
  keywords: null
}
Error: Route "/api/admin/seo/pages/[id]" used `params.id`. `params` should be awaited before using its properties. Learn more: https://nextjs.org/docs/messages/sync-dynamic-apis
    at PUT (src/app/api/admin/seo/pages/[id]/route.ts:57:107)
  55 |     const timeoutId = setTimeout(() => controller.abort(), 30000) // 30 second timeout
  56 |
> 57 |     console.log('Frontend API: Sending request to backend:', `${BACKEND_URL}/api/admin/seo/pages/${params.id}`)
     |                                                                                                           ^
  58 |     const response = await fetch(`${BACKEND_URL}/api/admin/seo/pages/${params.id}`, {
  59 |       method: 'PUT',
  60 |       headers: {
Frontend API: Sending request to backend: http://localhost:3006/api/admin/seo/pages/1
Error: Route "/api/admin/seo/pages/[id]" used `params.id`. `params` should be awaited before using its properties. Learn more: https://nextjs.org/docs/messages/sync-dynamic-apis
    at PUT (src/app/api/admin/seo/pages/[id]/route.ts:58:79)
  56 |
  57 |     console.log('Frontend API: Sending request to backend:', `${BACKEND_URL}/api/admin/seo/pages/${params.id}`)
> 58 |     const response = await fetch(`${BACKEND_URL}/api/admin/seo/pages/${params.id}`, {
     |                                                                               ^
  59 |       method: 'PUT',
  60 |       headers: {
  61 |         'Authorization': token,
Frontend API: Backend response status: 200
Frontend API: Backend response ok: true
Frontend API: Parsing JSON response...
Frontend API: Parsed data: {
  message: 'SEO page updated successfully',
  page: {
    id: 1,
    page_path: '/',
    page_title: 'Home Debug Test',
    meta_title: 'Home Debug MT FINAL TEST 1',
    meta_description: 'Home Debug MD FINAL TEST 1',
    canonical_url: null,
    schema_markup: null,
    og_title: null,
    og_description: null,
    og_image: null,
    twitter_title: null,
    twitter_description: null,
    twitter_image: null,
    robots_meta: 'index, follow',
    keywords: null,
    created_at: '2025-09-26 17:37:52',
    updated_at: '2025-09-26 18:38:52'
  }
}
Frontend API: Returning successful response
 PUT /api/admin/seo/pages/1 200 in 970ms
 GET /api/admin/seo/pages 200 in 50ms
 ✓ Compiled in 221ms (457 modules)
 GET /admin 200 in 94ms
 ✓ Compiled / in 464ms (1141 modules)
 GET / 200 in 653ms
 GET /api/games 200 in 34ms
 GET /api/profile 200 in 20ms
 GET /api/balance 200 in 26ms
 GET /api/withdrawal/history 200 in 24ms
 GET /api/transactions 200 in 31ms
 GET /api/profile 200 in 27ms
 GET /api/balance 200 in 17ms
 GET /api/games 200 in 15ms
 GET /api/transactions 200 in 30ms
 GET /api/withdrawal/history 200 in 34ms
 ✓ Compiled in 285ms (465 modules)
 GET / 200 in 70ms
 GET /admin 200 in 88ms
 ✓ Compiled in 187ms (465 modules)
 GET / 200 in 42ms
 GET /admin 200 in 55ms
 ✓ Compiled in 206ms (465 modules)
 GET / 200 in 40ms
 GET /admin 200 in 54ms
 ✓ Compiled in 225ms (465 modules)
 GET /admin 200 in 58ms
 GET / 200 in 33ms
 ✓ Compiled in 155ms (465 modules)
 GET / 200 in 38ms
 GET /admin 200 in 53ms
 ⨯ ./src/app/page.tsx
Error:   [31mx[0m Return statement is not allowed here
     ,-[[36;1;4m/home/ubuntu/nextjs-game-platform/src/app/page.tsx[0m:106:1]
 [2m103[0m |       }
 [2m104[0m |     
 [2m105[0m |       if (isLoading) {
 [2m106[0m | [35;1m,[0m[35;1m-[0m[35;1m>[0m     return (
 [2m107[0m | [35;1m|[0m         <div className="min-h-screen bg-gradient-to-br from-[#212121] via-[#2a2a2a] to-[#212121] flex items-center justify-center">
 [2m108[0m | [35;1m|[0m           <Loader2 className="text-[#00a6ff] text-lg animate-spin" />
 [2m109[0m | [35;1m|[0m         </div>
 [2m110[0m | [35;1m`[0m[35;1m-[0m[35;1m>[0m     )
 [2m111[0m |       }
 [2m112[0m |     
 [2m113[0m |       // if (!isAuthenticated) {
     `----
  [31mx[0m Return statement is not allowed here
     ,-[[36;1;4m/home/ubuntu/nextjs-game-platform/src/app/page.tsx[0m:128:1]
 [2m125[0m |       //   )
 [2m126[0m |       // }
 [2m127[0m |     
 [2m128[0m | [35;1m,[0m[35;1m-[0m[35;1m>[0m   return (
 [2m129[0m | [35;1m|[0m       <Dashboard
 [2m130[0m | [35;1m|[0m         user={currentUser}
 [2m131[0m | [35;1m|[0m         balance={currentBalance}
 [2m132[0m | [35;1m|[0m         canWithdraw={canWithdraw}
 [2m133[0m | [35;1m|[0m         onLogout={handleLogout}
 [2m134[0m | [35;1m|[0m         onBalanceUpdate={loadBalance}
 [2m135[0m | [35;1m|[0m         onLogin={handleLogin}
 [2m136[0m | [35;1m|[0m       />
 [2m137[0m | [35;1m`[0m[35;1m-[0m[35;1m>[0m   )
 [2m138[0m |     }
     `----
  [31mx[0m Expression expected
     ,-[[36;1;4m/home/ubuntu/nextjs-game-platform/src/app/page.tsx[0m:138:1]
 [2m135[0m |       onLogin={handleLogin}
 [2m136[0m |     />
 [2m137[0m |   )
 [2m138[0m | }
     : [35;1m^[0m
     `----

Caused by:
    Syntax Error

Import trace for requested module:
./src/app/page.tsx
 ○ Compiling /_error ...
 ⨯ ./src/app/page.tsx
Error:   [31mx[0m Return statement is not allowed here
     ,-[[36;1;4m/home/ubuntu/nextjs-game-platform/src/app/page.tsx[0m:106:1]
 [2m103[0m |       }
 [2m104[0m |     
 [2m105[0m |       if (isLoading) {
 [2m106[0m | [35;1m,[0m[35;1m-[0m[35;1m>[0m     return (
 [2m107[0m | [35;1m|[0m         <div className="min-h-screen bg-gradient-to-br from-[#212121] via-[#2a2a2a] to-[#212121] flex items-center justify-center">
 [2m108[0m | [35;1m|[0m           <Loader2 className="text-[#00a6ff] text-lg animate-spin" />
 [2m109[0m | [35;1m|[0m         </div>
 [2m110[0m | [35;1m`[0m[35;1m-[0m[35;1m>[0m     )
 [2m111[0m |       }
 [2m112[0m |     
 [2m113[0m |       // if (!isAuthenticated) {
     `----
  [31mx[0m Return statement is not allowed here
     ,-[[36;1;4m/home/ubuntu/nextjs-game-platform/src/app/page.tsx[0m:128:1]
 [2m125[0m |       //   )
 [2m126[0m |       // }
 [2m127[0m |     
 [2m128[0m | [35;1m,[0m[35;1m-[0m[35;1m>[0m   return (
 [2m129[0m | [35;1m|[0m       <Dashboard
 [2m130[0m | [35;1m|[0m         user={currentUser}
 [2m131[0m | [35;1m|[0m         balance={currentBalance}
 [2m132[0m | [35;1m|[0m         canWithdraw={canWithdraw}
 [2m133[0m | [35;1m|[0m         onLogout={handleLogout}
 [2m134[0m | [35;1m|[0m         onBalanceUpdate={loadBalance}
 [2m135[0m | [35;1m|[0m         onLogin={handleLogin}
 [2m136[0m | [35;1m|[0m       />
 [2m137[0m | [35;1m`[0m[35;1m-[0m[35;1m>[0m   )
 [2m138[0m |     }
     `----
  [31mx[0m Expression expected
     ,-[[36;1;4m/home/ubuntu/nextjs-game-platform/src/app/page.tsx[0m:138:1]
 [2m135[0m |       onLogin={handleLogin}
 [2m136[0m |     />
 [2m137[0m |   )
 [2m138[0m | }
     : [35;1m^[0m
     `----

Caused by:
    Syntax Error

Import trace for requested module:
./src/app/page.tsx
 GET / 500 in 3729ms
 GET /admin 500 in 3720ms
 GET /admin 500 in 215ms
 GET / 500 in 78ms
 ⚠ Fast Refresh had to perform a full reload. Read more: https://nextjs.org/docs/messages/fast-refresh-reload
 GET /admin 500 in 14ms
 GET /admin 500 in 20ms
 ⚠ Fast Refresh had to perform a full reload. Read more: https://nextjs.org/docs/messages/fast-refresh-reload
 GET / 500 in 69ms
 GET / 500 in 68ms
 GET / 500 in 14ms
<w> [webpack.cache.PackFileCacheStrategy] Caching failed for pack: Error: ENOENT: no such file or directory, rename '/home/ubuntu/nextjs-game-platform/.next/cache/webpack/client-development-fallback/0.pack.gz_' -> '/home/ubuntu/nextjs-game-platform/.next/cache/webpack/client-development-fallback/0.pack.gz'
 ⨯ ./src/app/page.tsx
Error:   [31mx[0m Return statement is not allowed here
     ,-[[36;1;4m/home/ubuntu/nextjs-game-platform/src/app/page.tsx[0m:106:1]
 [2m103[0m |       }
 [2m104[0m |     
 [2m105[0m |       if (isLoading) {
 [2m106[0m | [35;1m,[0m[35;1m-[0m[35;1m>[0m     return (
 [2m107[0m | [35;1m|[0m         <div className="min-h-screen bg-gradient-to-br from-[#212121] via-[#2a2a2a] to-[#212121] flex items-center justify-center">
 [2m108[0m | [35;1m|[0m           <Loader2 className="text-[#00a6ff] text-lg animate-spin" />
 [2m109[0m | [35;1m|[0m         </div>
 [2m110[0m | [35;1m`[0m[35;1m-[0m[35;1m>[0m     )
 [2m111[0m |       }
 [2m112[0m |     
 [2m113[0m |       // if (!isAuthenticated) {
     `----
  [31mx[0m Return statement is not allowed here
     ,-[[36;1;4m/home/ubuntu/nextjs-game-platform/src/app/page.tsx[0m:128:1]
 [2m125[0m |       //   )
 [2m126[0m |       // }
 [2m127[0m |     
 [2m128[0m | [35;1m,[0m[35;1m-[0m[35;1m>[0m   return (
 [2m129[0m | [35;1m|[0m       <Dashboard
 [2m130[0m | [35;1m|[0m         user={currentUser}
 [2m131[0m | [35;1m|[0m         balance={currentBalance}
 [2m132[0m | [35;1m|[0m         canWithdraw={canWithdraw}
 [2m133[0m | [35;1m|[0m         onLogout={handleLogout}
 [2m134[0m | [35;1m|[0m         onBalanceUpdate={loadBalance}
 [2m135[0m | [35;1m|[0m         onLogin={handleLogin}
 [2m136[0m | [35;1m|[0m       />
 [2m137[0m | [35;1m`[0m[35;1m-[0m[35;1m>[0m   )
 [2m138[0m |     }
     `----
  [31mx[0m Expression expected
     ,-[[36;1;4m/home/ubuntu/nextjs-game-platform/src/app/page.tsx[0m:138:1]
 [2m135[0m |       onLogin={handleLogin}
 [2m136[0m |     />
 [2m137[0m |   )
 [2m138[0m | }
     : [35;1m^[0m
     `----

Caused by:
    Syntax Error

Import trace for requested module:
./src/app/page.tsx
 GET /favicon.ico 500 in 114ms
 GET /favicon.ico 500 in 10ms
 ⚠ Fast Refresh had to perform a full reload due to a runtime error.
 ⨯ ./src/app/page.tsx:2:1
Module not found: Can't resolve '@/components/ClientHomePage'
  1 | import { generateHomeMetadata } from './metadata'
> 2 | import ClientHomePage from '@/components/ClientHomePage'
    | ^
  3 |
  4 | // 生成动态SEO metadata
  5 | export async function generateMetadata() {

https://nextjs.org/docs/messages/module-not-found
 ⚠ Fast Refresh had to perform a full reload. Read more: https://nextjs.org/docs/messages/fast-refresh-reload
 GET /admin 500 in 159ms
 GET / 500 in 28ms
 ⚠ Fast Refresh had to perform a full reload due to a runtime error.
 GET /admin 500 in 15ms
 GET /admin 500 in 18ms
 ⚠ Fast Refresh had to perform a full reload. Read more: https://nextjs.org/docs/messages/fast-refresh-reload
 GET /favicon.ico 500 in 10ms
 GET /favicon.ico 500 in 25ms
 ✓ Compiled /favicon.ico in 414ms (1386 modules)
 ⚠ Fast Refresh had to perform a full reload. Read more: https://nextjs.org/docs/messages/fast-refresh-reload
 ⚠ metadataBase property in metadata export is not set for resolving social open graph or twitter images, using "http://localhost:3001". See https://nextjs.org/docs/app/api-reference/functions/generate-metadata#metadatabase
 GET / 200 in 344ms
 ⚠ Fast Refresh had to perform a full reload. Read more: https://nextjs.org/docs/messages/fast-refresh-reload
 GET /admin 200 in 149ms
 ⚠ Fast Refresh had to perform a full reload due to a runtime error.
 GET /admin 200 in 33ms
 ✓ Compiled in 536ms (1401 modules)
 ✓ Compiled /api/profile in 198ms (783 modules)
 ✓ Compiled (785 modules)
 GET /favicon.ico 200 in 386ms
 GET /api/profile 200 in 343ms
 GET /api/games 200 in 392ms
 GET /api/profile 200 in 14ms
 GET /favicon.ico 200 in 13ms
 GET /api/games 200 in 24ms
 ✓ Compiled /api/admin/verify in 186ms (787 modules)
 ✓ Compiled (871 modules)
 GET /api/admin/verify 200 in 355ms
 GET /api/balance 200 in 489ms
 GET /api/withdrawal/history 200 in 482ms
 GET /api/transactions 200 in 495ms
 GET /api/withdrawal/history 200 in 35ms
 GET /api/transactions 200 in 30ms
 GET /api/balance 200 in 32ms
 ✓ Compiled /api/admin/users in 159ms (873 modules)
 GET /api/admin/users 200 in 195ms
 ✓ Compiled /api/admin/withdrawals in 113ms (875 modules)
 GET /api/admin/withdrawals 200 in 149ms
 ✓ Compiled /api/admin/kyc in 133ms (877 modules)
 GET /api/admin/kyc 200 in 166ms
 ⚠ Found a change in next.config.js. Restarting the server to apply the changes...
   ▲ Next.js 15.5.3
   - Local:        http://localhost:3001
   - Network:      http://15.235.215.3:3001
   - Experiments (use with caution):
     · optimizePackageImports
     ✓ suppressHydrationWarning

 ✓ Starting...
 ✓ Ready in 1522ms
 ○ Compiling / ...
 ✓ Compiled / in 1427ms (709 modules)
 ⚠ metadataBase property in metadata export is not set for resolving social open graph or twitter images, using "http://localhost:3001". See https://nextjs.org/docs/app/api-reference/functions/generate-metadata#metadatabase
 GET / 200 in 1896ms
 ✓ Compiled /api/games in 284ms (423 modules)
 ✓ Compiled in 277ms (304 modules)
 GET /favicon.ico 200 in 783ms
 GET /api/profile 200 in 778ms
 GET /api/games 200 in 707ms
 ⚠ metadataBase property in metadata export is not set for resolving social open graph or twitter images, using "http://localhost:3001". See https://nextjs.org/docs/app/api-reference/functions/generate-metadata#metadatabase
 GET / 200 in 90ms
 ✓ Compiled /api/transactions in 288ms (726 modules)
 GET /api/withdrawal/history 200 in 327ms
 GET /api/transactions 200 in 291ms
 GET /api/balance 200 in 359ms
 GET /api/profile 200 in 23ms
 GET /api/balance 200 in 14ms
 GET /api/games 200 in 28ms
 GET /api/transactions 200 in 28ms
 GET /api/withdrawal/history 200 in 21ms
 ⚠ metadataBase property in metadata export is not set for resolving social open graph or twitter images, using "http://localhost:3001". See https://nextjs.org/docs/app/api-reference/functions/generate-metadata#metadatabase
 GET / 200 in 147ms
 GET / 200 in 50ms
 ✓ Compiled /_not-found in 250ms (731 modules)
 GET /robots.txt 404 in 385ms
 GET /images/og-default.jpg 404 in 309ms
 GET /images/og-default.jpg 404 in 311ms
 ⚠ metadataBase property in metadata export is not set for resolving social open graph or twitter images, using "http://localhost:3001". See https://nextjs.org/docs/app/api-reference/functions/generate-metadata#metadatabase
 GET / 200 in 84ms
 GET / 200 in 57ms
 GET /favicon.ico 200 in 29ms
 GET /favicon.ico 200 in 32ms
 GET /api/games 200 in 25ms
 GET /api/profile 200 in 16ms
 GET /api/balance 200 in 37ms
 GET /api/withdrawal/history 200 in 54ms
 GET /api/transactions 200 in 61ms
 GET /api/profile 200 in 25ms
 GET /api/balance 200 in 26ms
 GET /api/transactions 200 in 36ms
 GET /api/games 200 in 42ms
 GET /api/withdrawal/history 200 in 29ms
 GET / 200 in 54ms
 GET /robots.txt 404 in 72ms
 GET /images/og-default.jpg 404 in 64ms
 GET /images/og-default.jpg 404 in 68ms
 ⚠ Found a change in next.config.js. Restarting the server to apply the changes...
   ▲ Next.js 15.5.3
   - Local:        http://localhost:3001
   - Network:      http://15.235.215.3:3001
   - Experiments (use with caution):
     · optimizePackageImports
     ✓ suppressHydrationWarning

 ✓ Starting...
 ✓ Ready in 1524ms
 ⚠ Found a change in next.config.js. Restarting the server to apply the changes...
   ▲ Next.js 15.5.3
   - Local:        http://localhost:3001
   - Network:      http://15.235.215.3:3001
   - Experiments (use with caution):
     · optimizePackageImports
     ✓ suppressHydrationWarning

 ✓ Starting...
 ✓ Ready in 1313ms
 ○ Compiling /api/admin/seo/pages ...
 ✓ Compiled /api/admin/seo/pages in 552ms (296 modules)
 GET /api/admin/seo/pages 200 in 674ms
 ○ Compiling /_not-found ...
 ✓ Compiled /_not-found in 1614ms (715 modules)
 ⚠ metadataBase property in metadata export is not set for resolving social open graph or twitter images, using "http://localhost:3001". See https://nextjs.org/docs/app/api-reference/functions/generate-metadata#metadatabase
 GET /images/og-default.jpg 404 in 1829ms
 GET /images/og-default.jpg 404 in 1834ms
 GET /robots.txt 404 in 1822ms
 GET / 200 in 1959ms
 GET / 200 in 60ms
 ○ Compiling /api/profile ...
 ✓ Compiled /api/profile in 531ms (723 modules)
 GET /api/profile 200 in 514ms
 GET /api/games 200 in 626ms
 ✓ Compiled /api/withdrawal/history in 280ms (729 modules)
 GET /api/transactions 200 in 310ms
 GET /api/withdrawal/history 200 in 311ms
 GET /api/balance 200 in 341ms
 GET /api/profile 200 in 30ms
 GET /api/balance 200 in 29ms
 GET /api/games 200 in 41ms
 GET /api/withdrawal/history 200 in 34ms
 GET /api/transactions 200 in 39ms
 ⚠ metadataBase property in metadata export is not set for resolving social open graph or twitter images, using "http://localhost:3001". See https://nextjs.org/docs/app/api-reference/functions/generate-metadata#metadatabase
 GET /robots.txt 404 in 76ms
 GET /images/og-default.jpg 404 in 70ms
 GET /images/og-default.jpg 404 in 74ms
 GET / 200 in 232ms
 ✓ Compiled in 256ms (304 modules)
 GET / 200 in 41ms
 ✓ Compiled in 156ms (304 modules)
 GET / 200 in 38ms
 ✓ Compiled in 608ms (631 modules)
 ⨯ ReferenceError: createContext is not defined
    at eval (src/app/layout.tsx:53:21)
    at <unknown> (rsc)/./src/app/layout.tsx (/home/ubuntu/nextjs-game-platform/.next/server/app/page.js:85:1)
  51 | }
  52 |
> 53 | const GameContext = createContext<GameContextType | null>(null)
     |                     ^
  54 |
  55 | export const useGameContext = () => {
  56 |   const context = useContext(GameContext)
 ⨯ ReferenceError: createContext is not defined
    at eval (src/app/layout.tsx:53:21)
    at <unknown> (rsc)/./src/app/layout.tsx (/home/ubuntu/nextjs-game-platform/.next/server/app/page.js:85:1)
  51 | }
  52 |
> 53 | const GameContext = createContext<GameContextType | null>(null)
     |                     ^
  54 |
  55 | export const useGameContext = () => {
  56 |   const context = useContext(GameContext) {
  page: '/'
}
 ○ Compiling /_error ...
 ✓ Compiled /_error in 505ms (963 modules)
 ⚠ Fast Refresh had to perform a full reload. Read more: https://nextjs.org/docs/messages/fast-refresh-reload
 ⨯ ReferenceError: createContext is not defined
    at eval (src/app/layout.tsx:53:21)
    at <unknown> (rsc)/./src/app/layout.tsx (/home/ubuntu/nextjs-game-platform/.next/server/app/page.js:85:1)
  51 | }
  52 |
> 53 | const GameContext = createContext<GameContextType | null>(null)
     |                     ^
  54 |
  55 | export const useGameContext = () => {
  56 |   const context = useContext(GameContext)
 ⨯ ReferenceError: createContext is not defined
    at eval (src/app/layout.tsx:53:21)
    at <unknown> (rsc)/./src/app/layout.tsx (/home/ubuntu/nextjs-game-platform/.next/server/app/page.js:85:1)
  51 | }
  52 |
> 53 | const GameContext = createContext<GameContextType | null>(null)
     |                     ^
  54 |
  55 | export const useGameContext = () => {
  56 |   const context = useContext(GameContext) {
  page: '/'
}
 GET / 500 in 1764ms
 GET / 500 in 822ms
 ⨯ ReferenceError: createContext is not defined
    at eval (src/app/layout.tsx:53:21)
    at <unknown> (rsc)/./src/app/layout.tsx (/home/ubuntu/nextjs-game-platform/.next/server/app/page.js:85:1)
  51 | }
  52 |
> 53 | const GameContext = createContext<GameContextType | null>(null)
     |                     ^
  54 |
  55 | export const useGameContext = () => {
  56 |   const context = useContext(GameContext)
 ⨯ ReferenceError: createContext is not defined
    at eval (src/app/layout.tsx:53:21)
    at <unknown> (rsc)/./src/app/layout.tsx (/home/ubuntu/nextjs-game-platform/.next/server/app/page.js:85:1)
  51 | }
  52 |
> 53 | const GameContext = createContext<GameContextType | null>(null)
     |                     ^
  54 |
  55 | export const useGameContext = () => {
  56 |   const context = useContext(GameContext) {
  page: '/'
}
 GET / 500 in 382ms
 ✓ Compiled /favicon.ico in 146ms (574 modules)
 GET /favicon.ico 200 in 231ms
 ⨯ ./src/app/layout.tsx
Error:   [31mx[0m You are attempting to export "generateMetadata" from a component marked with "use client", which is disallowed. Either remove the export, or the "use client" directive. Read more: https://nextjs.org/docs/app/api-reference/directives/use-client
  [31m|[0m

    ,-[[36;1;4m/home/ubuntu/nextjs-game-platform/src/app/layout.tsx[0m:18:1]
 [2m15[0m | })
 [2m16[0m | 
 [2m17[0m | // 生成默认的metadata
 [2m18[0m | export async function generateMetadata(): Promise<Metadata> {
    : [35;1m                      ^^^^^^^^^^^^^^^^[0m
 [2m19[0m |   const globalSettings = await getGlobalSEOSettings()
 [2m20[0m |   
 [2m21[0m |   return {
    `----

Import trace for requested module:
./src/app/layout.tsx
./src/components/Dashboard.tsx
./src/components/ClientHomePage.tsx
 ⨯ ./src/app/layout.tsx
Error:   [31mx[0m You are attempting to export "generateMetadata" from a component marked with "use client", which is disallowed. Either remove the export, or the "use client" directive. Read more: https://nextjs.org/docs/app/api-reference/directives/use-client
  [31m|[0m

    ,-[[36;1;4m/home/ubuntu/nextjs-game-platform/src/app/layout.tsx[0m:18:1]
 [2m15[0m | })
 [2m16[0m | 
 [2m17[0m | // 生成默认的metadata
 [2m18[0m | export async function generateMetadata(): Promise<Metadata> {
    : [35;1m                      ^^^^^^^^^^^^^^^^[0m
 [2m19[0m |   const globalSettings = await getGlobalSEOSettings()
 [2m20[0m |   
 [2m21[0m |   return {
    `----

Import trace for requested module:
./src/app/layout.tsx
./src/components/Dashboard.tsx
./src/components/ClientHomePage.tsx
 ⨯ ./src/app/layout.tsx
Error:   [31mx[0m You are attempting to export "generateMetadata" from a component marked with "use client", which is disallowed. Either remove the export, or the "use client" directive. Read more: https://nextjs.org/docs/app/api-reference/directives/use-client
  [31m|[0m

    ,-[[36;1;4m/home/ubuntu/nextjs-game-platform/src/app/layout.tsx[0m:18:1]
 [2m15[0m | })
 [2m16[0m | 
 [2m17[0m | // 生成默认的metadata
 [2m18[0m | export async function generateMetadata(): Promise<Metadata> {
    : [35;1m                      ^^^^^^^^^^^^^^^^[0m
 [2m19[0m |   const globalSettings = await getGlobalSEOSettings()
 [2m20[0m |   
 [2m21[0m |   return {
    `----

Import trace for requested module:
./src/app/layout.tsx
./src/components/Dashboard.tsx
./src/components/ClientHomePage.tsx
 ⨯ ./src/app/layout.tsx
Error:   [31mx[0m You are attempting to export "generateMetadata" from a component marked with "use client", which is disallowed. Either remove the export, or the "use client" directive. Read more: https://nextjs.org/docs/app/api-reference/directives/use-client
  [31m|[0m

    ,-[[36;1;4m/home/ubuntu/nextjs-game-platform/src/app/layout.tsx[0m:18:1]
 [2m15[0m | })
 [2m16[0m | 
 [2m17[0m | // 生成默认的metadata
 [2m18[0m | export async function generateMetadata(): Promise<Metadata> {
    : [35;1m                      ^^^^^^^^^^^^^^^^[0m
 [2m19[0m |   const globalSettings = await getGlobalSEOSettings()
 [2m20[0m |   
 [2m21[0m |   return {
    `----

Import trace for requested module:
./src/app/layout.tsx
./src/components/Dashboard.tsx
./src/components/ClientHomePage.tsx
 ⨯ ./src/app/layout.tsx
Error:   [31mx[0m You are attempting to export "generateMetadata" from a component marked with "use client", which is disallowed. Either remove the export, or the "use client" directive. Read more: https://nextjs.org/docs/app/api-reference/directives/use-client
  [31m|[0m

    ,-[[36;1;4m/home/ubuntu/nextjs-game-platform/src/app/layout.tsx[0m:18:1]
 [2m15[0m | })
 [2m16[0m | 
 [2m17[0m | // 生成默认的metadata
 [2m18[0m | export async function generateMetadata(): Promise<Metadata> {
    : [35;1m                      ^^^^^^^^^^^^^^^^[0m
 [2m19[0m |   const globalSettings = await getGlobalSEOSettings()
 [2m20[0m |   
 [2m21[0m |   return {
    `----

Import trace for requested module:
./src/app/layout.tsx
./src/components/Dashboard.tsx
./src/components/ClientHomePage.tsx
 ○ Compiling /admin ...
 ⨯ ./src/app/layout.tsx
Error:   [31mx[0m You are attempting to export "generateMetadata" from a component marked with "use client", which is disallowed. Either remove the export, or the "use client" directive. Read more: https://nextjs.org/docs/app/api-reference/directives/use-client
  [31m|[0m

    ,-[[36;1;4m/home/ubuntu/nextjs-game-platform/src/app/layout.tsx[0m:18:1]
 [2m15[0m | })
 [2m16[0m | 
 [2m17[0m | // 生成默认的metadata
 [2m18[0m | export async function generateMetadata(): Promise<Metadata> {
    : [35;1m                      ^^^^^^^^^^^^^^^^[0m
 [2m19[0m |   const globalSettings = await getGlobalSEOSettings()
 [2m20[0m |   
 [2m21[0m |   return {
    `----

Import trace for requested module:
./src/app/layout.tsx
./src/components/Dashboard.tsx
./src/components/ClientHomePage.tsx
 ⨯ ./src/app/layout.tsx
Error:   [31mx[0m You are attempting to export "generateMetadata" from a component marked with "use client", which is disallowed. Either remove the export, or the "use client" directive. Read more: https://nextjs.org/docs/app/api-reference/directives/use-client
  [31m|[0m

    ,-[[36;1;4m/home/ubuntu/nextjs-game-platform/src/app/layout.tsx[0m:18:1]
 [2m15[0m | })
 [2m16[0m | 
 [2m17[0m | // 生成默认的metadata
 [2m18[0m | export async function generateMetadata(): Promise<Metadata> {
    : [35;1m                      ^^^^^^^^^^^^^^^^[0m
 [2m19[0m |   const globalSettings = await getGlobalSEOSettings()
 [2m20[0m |   
 [2m21[0m |   return {
    `----

Import trace for requested module:
./src/app/layout.tsx
./src/components/Dashboard.tsx
./src/components/ClientHomePage.tsx
 GET /admin 500 in 2623ms
 ⨯ ./src/app/layout.tsx
Error:   [31mx[0m You are attempting to export "generateMetadata" from a component marked with "use client", which is disallowed. Either remove the export, or the "use client" directive. Read more: https://nextjs.org/docs/app/api-reference/directives/use-client
  [31m|[0m

    ,-[[36;1;4m/home/ubuntu/nextjs-game-platform/src/app/layout.tsx[0m:18:1]
 [2m15[0m | })
 [2m16[0m | 
 [2m17[0m | // 生成默认的metadata
 [2m18[0m | export async function generateMetadata(): Promise<Metadata> {
    : [35;1m                      ^^^^^^^^^^^^^^^^[0m
 [2m19[0m |   const globalSettings = await getGlobalSEOSettings()
 [2m20[0m |   
 [2m21[0m |   return {
    `----

Import trace for requested module:
./src/app/layout.tsx
./src/components/Dashboard.tsx
./src/components/ClientHomePage.tsx
 GET /favicon.ico 500 in 123ms
 GET /admin 500 in 18ms
 GET /favicon.ico 500 in 25ms
 ⨯ ./src/app/layout.tsx
Error:   [31mx[0m You are attempting to export "generateMetadata" from a component marked with "use client", which is disallowed. Either remove the export, or the "use client" directive. Read more: https://nextjs.org/docs/app/api-reference/directives/use-client
  [31m|[0m

    ,-[[36;1;4m/home/ubuntu/nextjs-game-platform/src/app/layout.tsx[0m:18:1]
 [2m15[0m | })
 [2m16[0m | 
 [2m17[0m | // 生成默认的metadata
 [2m18[0m | export async function generateMetadata(): Promise<Metadata> {
    : [35;1m                      ^^^^^^^^^^^^^^^^[0m
 [2m19[0m |   const globalSettings = await getGlobalSEOSettings()
 [2m20[0m |   
 [2m21[0m |   return {
    `----

Import trace for requested module:
./src/app/layout.tsx
./src/components/Dashboard.tsx
./src/components/ClientHomePage.tsx
 ⨯ ./src/app/layout.tsx
Error:   [31mx[0m You are attempting to export "generateMetadata" from a component marked with "use client", which is disallowed. Either remove the export, or the "use client" directive. Read more: https://nextjs.org/docs/app/api-reference/directives/use-client
  [31m|[0m

    ,-[[36;1;4m/home/ubuntu/nextjs-game-platform/src/app/layout.tsx[0m:18:1]
 [2m15[0m | })
 [2m16[0m | 
 [2m17[0m | // 生成默认的metadata
 [2m18[0m | export async function generateMetadata(): Promise<Metadata> {
    : [35;1m                      ^^^^^^^^^^^^^^^^[0m
 [2m19[0m |   const globalSettings = await getGlobalSEOSettings()
 [2m20[0m |   
 [2m21[0m |   return {
    `----

Import trace for requested module:
./src/app/layout.tsx
./src/components/Dashboard.tsx
./src/components/ClientHomePage.tsx
 ⨯ ./src/app/layout.tsx
Error:   [31mx[0m You are attempting to export "generateMetadata" from a component marked with "use client", which is disallowed. Either remove the export, or the "use client" directive. Read more: https://nextjs.org/docs/app/api-reference/directives/use-client
  [31m|[0m

    ,-[[36;1;4m/home/ubuntu/nextjs-game-platform/src/app/layout.tsx[0m:18:1]
 [2m15[0m | })
 [2m16[0m | 
 [2m17[0m | // 生成默认的metadata
 [2m18[0m | export async function generateMetadata(): Promise<Metadata> {
    : [35;1m                      ^^^^^^^^^^^^^^^^[0m
 [2m19[0m |   const globalSettings = await getGlobalSEOSettings()
 [2m20[0m |   
 [2m21[0m |   return {
    `----

Import trace for requested module:
./src/app/layout.tsx
./src/components/Dashboard.tsx
./src/components/ClientHomePage.tsx
 GET / 500 in 33ms
 GET /favicon.ico 500 in 10ms
 ⨯ ./src/app/layout.tsx
Error:   [31mx[0m You are attempting to export "generateMetadata" from a component marked with "use client", which is disallowed. Either remove the export, or the "use client" directive. Read more: https://nextjs.org/docs/app/api-reference/directives/use-client
  [31m|[0m

    ,-[[36;1;4m/home/ubuntu/nextjs-game-platform/src/app/layout.tsx[0m:18:1]
 [2m15[0m | })
 [2m16[0m | 
 [2m17[0m | // 生成默认的metadata
 [2m18[0m | export async function generateMetadata(): Promise<Metadata> {
    : [35;1m                      ^^^^^^^^^^^^^^^^[0m
 [2m19[0m |   const globalSettings = await getGlobalSEOSettings()
 [2m20[0m |   
 [2m21[0m |   return {
    `----

Import trace for requested module:
./src/app/layout.tsx
./src/components/Dashboard.tsx
./src/components/ClientHomePage.tsx
 ⨯ ./src/app/layout.tsx
Error:   [31mx[0m You are attempting to export "generateMetadata" from a component marked with "use client", which is disallowed. Either remove the export, or the "use client" directive. Read more: https://nextjs.org/docs/app/api-reference/directives/use-client
  [31m|[0m

    ,-[[36;1;4m/home/ubuntu/nextjs-game-platform/src/app/layout.tsx[0m:18:1]
 [2m15[0m | })
 [2m16[0m | 
 [2m17[0m | // 生成默认的metadata
 [2m18[0m | export async function generateMetadata(): Promise<Metadata> {
    : [35;1m                      ^^^^^^^^^^^^^^^^[0m
 [2m19[0m |   const globalSettings = await getGlobalSEOSettings()
 [2m20[0m |   
 [2m21[0m |   return {
    `----

Import trace for requested module:
./src/app/layout.tsx
./src/components/Dashboard.tsx
./src/components/ClientHomePage.tsx
 GET / 500 in 16ms
 ⨯ ./src/app/layout.tsx
Error:   [31mx[0m You are attempting to export "generateMetadata" from a component marked with "use client", which is disallowed. Either remove the export, or the "use client" directive. Read more: https://nextjs.org/docs/app/api-reference/directives/use-client
  [31m|[0m

    ,-[[36;1;4m/home/ubuntu/nextjs-game-platform/src/app/layout.tsx[0m:18:1]
 [2m15[0m | })
 [2m16[0m | 
 [2m17[0m | // 生成默认的metadata
 [2m18[0m | export async function generateMetadata(): Promise<Metadata> {
    : [35;1m                      ^^^^^^^^^^^^^^^^[0m
 [2m19[0m |   const globalSettings = await getGlobalSEOSettings()
 [2m20[0m |   
 [2m21[0m |   return {
    `----

Import trace for requested module:
./src/app/layout.tsx
./src/components/Dashboard.tsx
./src/components/ClientHomePage.tsx
 ⨯ ./src/app/layout.tsx
Error:   [31mx[0m You are attempting to export "generateMetadata" from a component marked with "use client", which is disallowed. Either remove the export, or the "use client" directive. Read more: https://nextjs.org/docs/app/api-reference/directives/use-client
  [31m|[0m

    ,-[[36;1;4m/home/ubuntu/nextjs-game-platform/src/app/layout.tsx[0m:18:1]
 [2m15[0m | })
 [2m16[0m | 
 [2m17[0m | // 生成默认的metadata
 [2m18[0m | export async function generateMetadata(): Promise<Metadata> {
    : [35;1m                      ^^^^^^^^^^^^^^^^[0m
 [2m19[0m |   const globalSettings = await getGlobalSEOSettings()
 [2m20[0m |   
 [2m21[0m |   return {
    `----

Import trace for requested module:
./src/app/layout.tsx
./src/components/Dashboard.tsx
./src/components/ClientHomePage.tsx
 GET /admin 500 in 311ms
 GET /favicon.ico 500 in 61ms
 GET /favicon.ico 500 in 13ms
 ⨯ ./src/app/layout.tsx
Error:   [31mx[0m You are attempting to export "generateMetadata" from a component marked with "use client", which is disallowed. Either remove the export, or the "use client" directive. Read more: https://nextjs.org/docs/app/api-reference/directives/use-client
  [31m|[0m

    ,-[[36;1;4m/home/ubuntu/nextjs-game-platform/src/app/layout.tsx[0m:18:1]
 [2m15[0m | })
 [2m16[0m | 
 [2m17[0m | // 生成默认的metadata
 [2m18[0m | export async function generateMetadata(): Promise<Metadata> {
    : [35;1m                      ^^^^^^^^^^^^^^^^[0m
 [2m19[0m |   const globalSettings = await getGlobalSEOSettings()
 [2m20[0m |   
 [2m21[0m |   return {
    `----

Import trace for requested module:
./src/app/layout.tsx
./src/components/Dashboard.tsx
./src/components/ClientHomePage.tsx
 GET / 500 in 16ms
 GET /favicon.ico 500 in 25ms
[?25h
