2025-10-01T17:40:34: 
> nextjs-game-platform@0.1.0 start
> concurrently "npm run server" "next start"

2025-10-01T17:40:34: 2025-10-01T17:40:34: 2025-10-01T17:40:34: 2025-10-01T17:40:34: 
> nextjs-game-platform@0.1.0 start
> concurrently "npm run server" "next start"

2025-10-01T17:40:35: 2025-10-01T17:40:35: 2025-10-01T17:40:35: 
> nextjs-game-platform@0.1.0 start
> concurrently "npm run server" "next start"

2025-10-01T17:40:35: 2025-10-01T17:40:35: 2025-10-01T17:40:35: 
> nextjs-game-platform@0.1.0 start
> concurrently "npm run server" "next start"

2025-10-01T17:40:35: 2025-10-01T17:40:35: 2025-10-01T17:40:36: 
> nextjs-game-platform@0.1.0 start
> concurrently "npm run server" "next start"

2025-10-01T17:40:36: 2025-10-01T17:40:36: 2025-10-01T17:40:36: 
> nextjs-game-platform@0.1.0 start
> concurrently "npm run server" "next start"

2025-10-01T17:40:36: 2025-10-01T17:40:36: 2025-10-01T17:40:36: 
> nextjs-game-platform@0.1.0 start
> concurrently "npm run server" "next start"

2025-10-01T17:40:37: 2025-10-01T17:40:37: 2025-10-01T17:40:37: 2025-10-01T17:40:37: 
> nextjs-game-platform@0.1.0 start
> concurrently "npm run server" "next start"

2025-10-01T17:40:37: 2025-10-01T17:40:37: 2025-10-01T17:40:37: 2025-10-01T17:40:37: 
> nextjs-game-platform@0.1.0 start
> concurrently "npm run server" "next start"

2025-10-01T17:40:38: 2025-10-01T17:40:38: 2025-10-01T17:40:38: 
> nextjs-game-platform@0.1.0 start
> concurrently "npm run server" "next start"

2025-10-01T17:40:38: 2025-10-01T17:40:38: 2025-10-01T17:40:38: 
> nextjs-game-platform@0.1.0 start
> concurrently "npm run server" "next start"

2025-10-01T17:40:39: 2025-10-01T17:40:39: 2025-10-01T17:40:39: 2025-10-01T17:40:39: 
> nextjs-game-platform@0.1.0 start
> concurrently "npm run server" "next start"

2025-10-01T17:40:39: 2025-10-01T17:40:39: 2025-10-01T17:40:39: 2025-10-01T17:40:39: 
> nextjs-game-platform@0.1.0 start
> concurrently "npm run server" "next start"

2025-10-01T17:40:39: 2025-10-01T17:40:39: 2025-10-01T17:40:40: 
> nextjs-game-platform@0.1.0 start
> concurrently "npm run server" "next start"

2025-10-01T17:40:40: 2025-10-01T17:40:40: 2025-10-01T17:40:40: 
> nextjs-game-platform@0.1.0 start
> concurrently "npm run server" "next start"

2025-10-01T17:40:40: 2025-10-01T17:40:40: 2025-10-01T17:40:41: 
> nextjs-game-platform@0.1.0 start
> concurrently "npm run server" "next start"

2025-10-01T17:40:41: 2025-10-01T17:40:41: 2025-10-01T17:50:58: 
> nextjs-game-platform@0.1.0 start
> concurrently "npm run server" "next start"

2025-10-01T17:50:58: 2025-10-01T17:50:58: 2025-10-01T17:50:58: 2025-10-01T17:50:58: 
> nextjs-game-platform@0.1.0 start
> concurrently "npm run server" "next start"

2025-10-01T17:50:58: 2025-10-01T17:50:58: 2025-10-01T17:50:58: 2025-10-01T17:50:59: 
> nextjs-game-platform@0.1.0 start
> concurrently "npm run server" "next start"

2025-10-01T17:50:59: 2025-10-01T17:50:59: 2025-10-01T17:50:59: 2025-10-01T17:50:59: 
> nextjs-game-platform@0.1.0 start
> concurrently "npm run server" "next start"

2025-10-01T17:50:59: 2025-10-01T17:50:59: 2025-10-01T17:50:59: 2025-10-01T17:50:59: 
> nextjs-game-platform@0.1.0 start
> concurrently "npm run server" "next start"

2025-10-01T17:51:00: 2025-10-01T17:51:00: 2025-10-01T17:51:00: 
> nextjs-game-platform@0.1.0 start
> concurrently "npm run server" "next start"

2025-10-01T17:51:00: 2025-10-01T17:51:00: 2025-10-01T17:51:00: 2025-10-01T17:51:00: 
> nextjs-game-platform@0.1.0 start
> concurrently "npm run server" "next start"

2025-10-01T17:51:01: 2025-10-01T17:51:01: 2025-10-01T17:51:01: 2025-10-01T17:51:01: 
> nextjs-game-platform@0.1.0 start
> concurrently "npm run server" "next start"

2025-10-01T17:51:01: 2025-10-01T17:51:01: 2025-10-01T17:51:01: 2025-10-01T17:51:01: 
> nextjs-game-platform@0.1.0 start
> concurrently "npm run server" "next start"

2025-10-01T17:51:02: 2025-10-01T17:51:02: 2025-10-01T17:51:02: 2025-10-01T17:51:02: 
> nextjs-game-platform@0.1.0 start
> concurrently "npm run server" "next start"

2025-10-01T17:51:02: 2025-10-01T17:51:02: 2025-10-01T17:51:02: 
> nextjs-game-platform@0.1.0 start
> concurrently "npm run server" "next start"

2025-10-01T17:51:03: 2025-10-01T17:51:03: 2025-10-01T17:51:03: 2025-10-01T17:51:03: 
> nextjs-game-platform@0.1.0 start
> concurrently "npm run server" "next start"

2025-10-01T17:51:03: 2025-10-01T17:51:03: 2025-10-01T17:51:03: 2025-10-01T17:51:03: 
> nextjs-game-platform@0.1.0 start
> concurrently "npm run server" "next start"

2025-10-01T17:51:04: 2025-10-01T17:51:04: 2025-10-01T17:51:04: 
> nextjs-game-platform@0.1.0 start
> concurrently "npm run server" "next start"

2025-10-01T17:51:04: 2025-10-01T17:51:04: 2025-10-01T17:51:04: 
> nextjs-game-platform@0.1.0 start
> concurrently "npm run server" "next start"

2025-10-01T17:51:05: 2025-10-01T17:51:05: 2025-10-01T17:51:05: 2025-10-01T17:51:05: 
> nextjs-game-platform@0.1.0 start
> concurrently "npm run server" "next start"

2025-10-01T17:51:05: 2025-10-01T17:51:05: 2025-10-01T17:51:05: 
> nextjs-game-platform@0.1.0 start
> concurrently "npm run server" "next start"

2025-10-01T17:51:05: 2025-10-01T17:51:05: 2025-10-01T17:51:06: 
> nextjs-game-platform@0.1.0 start
> concurrently "npm run server" "next start"

2025-10-01T17:51:06: 2025-10-01T17:51:06: 2025-10-01T17:51:06: 2025-10-01T17:51:06: 
> nextjs-game-platform@0.1.0 start
> concurrently "npm run server" "next start"

2025-10-01T17:51:06: 2025-10-01T17:51:06: 2025-10-01T17:51:06: 2025-10-01T17:51:06: 
> nextjs-game-platform@0.1.0 start
> concurrently "npm run server" "next start"

2025-10-01T17:51:07: 2025-10-01T17:51:07: 2025-10-01T17:51:07: 2025-10-01T17:51:07: 
> nextjs-game-platform@0.1.0 start
> concurrently "npm run server" "next start"

2025-10-01T17:51:07: 2025-10-01T17:51:07: 2025-10-01T17:51:07: 2025-10-01T17:51:07: 
> nextjs-game-platform@0.1.0 start
> concurrently "npm run server" "next start"

2025-10-01T17:51:08: 2025-10-01T17:51:08: 2025-10-01T17:51:08: 2025-10-01T17:51:08: 
> nextjs-game-platform@0.1.0 start
> concurrently "npm run server" "next start"

2025-10-01T17:51:08: 2025-10-01T17:51:08: 2025-10-01T17:51:08: 
> nextjs-game-platform@0.1.0 start
> concurrently "npm run server" "next start"

2025-10-01T17:51:09: 2025-10-01T17:51:09: 2025-10-01T17:51:09: 2025-10-01T17:51:09: 
> nextjs-game-platform@0.1.0 start
> concurrently "npm run server" "next start"

2025-10-01T17:51:09: 2025-10-01T17:51:09: 2025-10-01T17:51:09: 