TypeError: Missing parameter name at index 1: *; visit https://git.new/pathToRegexpError for info
    at name (/home/ubuntu/nextjs-game-platform/node_modules/path-to-regexp/dist/index.js:96:19)
    at parse (/home/ubuntu/nextjs-game-platform/node_modules/path-to-regexp/dist/index.js:113:68)
    at pathToRegexp (/home/ubuntu/nextjs-game-platform/node_modules/path-to-regexp/dist/index.js:267:58)
    at Object.match (/home/ubuntu/nextjs-game-platform/node_modules/path-to-regexp/dist/index.js:237:30)
    at matcher (/home/ubuntu/nextjs-game-platform/node_modules/router/lib/layer.js:86:23)
    at new Layer (/home/ubuntu/nextjs-game-platform/node_modules/router/lib/layer.js:93:62)
    at Function.route (/home/ubuntu/nextjs-game-platform/node_modules/router/index.js:428:17)
    at Function.route (/home/ubuntu/nextjs-game-platform/node_modules/express/lib/application.js:257:22)
    at app.<computed> [as get] (/home/ubuntu/nextjs-game-platform/node_modules/express/lib/application.js:478:22)
    at Object.<anonymous> (/home/ubuntu/nextjs-game-platform/server_enhanced.js:104:7)
TypeError: Missing parameter name at index 1: *; visit https://git.new/pathToRegexpError for info
    at name (/home/ubuntu/nextjs-game-platform/node_modules/path-to-regexp/dist/index.js:96:19)
    at parse (/home/ubuntu/nextjs-game-platform/node_modules/path-to-regexp/dist/index.js:113:68)
    at pathToRegexp (/home/ubuntu/nextjs-game-platform/node_modules/path-to-regexp/dist/index.js:267:58)
    at Object.match (/home/ubuntu/nextjs-game-platform/node_modules/path-to-regexp/dist/index.js:237:30)
    at matcher (/home/ubuntu/nextjs-game-platform/node_modules/router/lib/layer.js:86:23)
    at new Layer (/home/ubuntu/nextjs-game-platform/node_modules/router/lib/layer.js:93:62)
    at Function.route (/home/ubuntu/nextjs-game-platform/node_modules/router/index.js:428:17)
    at Function.route (/home/ubuntu/nextjs-game-platform/node_modules/express/lib/application.js:257:22)
    at app.<computed> [as get] (/home/ubuntu/nextjs-game-platform/node_modules/express/lib/application.js:478:22)
    at Object.<anonymous> (/home/ubuntu/nextjs-game-platform/server_enhanced.js:104:7)
TypeError: Missing parameter name at index 1: *; visit https://git.new/pathToRegexpError for info
    at name (/home/ubuntu/nextjs-game-platform/node_modules/path-to-regexp/dist/index.js:96:19)
    at parse (/home/ubuntu/nextjs-game-platform/node_modules/path-to-regexp/dist/index.js:113:68)
    at pathToRegexp (/home/ubuntu/nextjs-game-platform/node_modules/path-to-regexp/dist/index.js:267:58)
    at Object.match (/home/ubuntu/nextjs-game-platform/node_modules/path-to-regexp/dist/index.js:237:30)
    at matcher (/home/ubuntu/nextjs-game-platform/node_modules/router/lib/layer.js:86:23)
    at new Layer (/home/ubuntu/nextjs-game-platform/node_modules/router/lib/layer.js:93:62)
    at Function.route (/home/ubuntu/nextjs-game-platform/node_modules/router/index.js:428:17)
    at Function.route (/home/ubuntu/nextjs-game-platform/node_modules/express/lib/application.js:257:22)
    at app.<computed> [as get] (/home/ubuntu/nextjs-game-platform/node_modules/express/lib/application.js:478:22)
    at Object.<anonymous> (/home/ubuntu/nextjs-game-platform/server_enhanced.js:104:7)
TypeError: Missing parameter name at index 1: *; visit https://git.new/pathToRegexpError for info
    at name (/home/ubuntu/nextjs-game-platform/node_modules/path-to-regexp/dist/index.js:96:19)
    at parse (/home/ubuntu/nextjs-game-platform/node_modules/path-to-regexp/dist/index.js:113:68)
    at pathToRegexp (/home/ubuntu/nextjs-game-platform/node_modules/path-to-regexp/dist/index.js:267:58)
    at Object.match (/home/ubuntu/nextjs-game-platform/node_modules/path-to-regexp/dist/index.js:237:30)
    at matcher (/home/ubuntu/nextjs-game-platform/node_modules/router/lib/layer.js:86:23)
    at new Layer (/home/ubuntu/nextjs-game-platform/node_modules/router/lib/layer.js:93:62)
    at Function.route (/home/ubuntu/nextjs-game-platform/node_modules/router/index.js:428:17)
    at Function.route (/home/ubuntu/nextjs-game-platform/node_modules/express/lib/application.js:257:22)
    at app.<computed> [as get] (/home/ubuntu/nextjs-game-platform/node_modules/express/lib/application.js:478:22)
    at Object.<anonymous> (/home/ubuntu/nextjs-game-platform/server_enhanced.js:104:7)
TypeError: Missing parameter name at index 1: *; visit https://git.new/pathToRegexpError for info
    at name (/home/ubuntu/nextjs-game-platform/node_modules/path-to-regexp/dist/index.js:96:19)
    at parse (/home/ubuntu/nextjs-game-platform/node_modules/path-to-regexp/dist/index.js:113:68)
    at pathToRegexp (/home/ubuntu/nextjs-game-platform/node_modules/path-to-regexp/dist/index.js:267:58)
    at Object.match (/home/ubuntu/nextjs-game-platform/node_modules/path-to-regexp/dist/index.js:237:30)
    at matcher (/home/ubuntu/nextjs-game-platform/node_modules/router/lib/layer.js:86:23)
    at new Layer (/home/ubuntu/nextjs-game-platform/node_modules/router/lib/layer.js:93:62)
    at Function.route (/home/ubuntu/nextjs-game-platform/node_modules/router/index.js:428:17)
    at Function.route (/home/ubuntu/nextjs-game-platform/node_modules/express/lib/application.js:257:22)
    at app.<computed> [as get] (/home/ubuntu/nextjs-game-platform/node_modules/express/lib/application.js:478:22)
    at Object.<anonymous> (/home/ubuntu/nextjs-game-platform/server_enhanced.js:104:7)
TypeError: Missing parameter name at index 1: *; visit https://git.new/pathToRegexpError for info
    at name (/home/ubuntu/nextjs-game-platform/node_modules/path-to-regexp/dist/index.js:96:19)
    at parse (/home/ubuntu/nextjs-game-platform/node_modules/path-to-regexp/dist/index.js:113:68)
    at pathToRegexp (/home/ubuntu/nextjs-game-platform/node_modules/path-to-regexp/dist/index.js:267:58)
    at Object.match (/home/ubuntu/nextjs-game-platform/node_modules/path-to-regexp/dist/index.js:237:30)
    at matcher (/home/ubuntu/nextjs-game-platform/node_modules/router/lib/layer.js:86:23)
    at new Layer (/home/ubuntu/nextjs-game-platform/node_modules/router/lib/layer.js:93:62)
    at Function.route (/home/ubuntu/nextjs-game-platform/node_modules/router/index.js:428:17)
    at Function.route (/home/ubuntu/nextjs-game-platform/node_modules/express/lib/application.js:257:22)
    at app.<computed> [as get] (/home/ubuntu/nextjs-game-platform/node_modules/express/lib/application.js:478:22)
    at Object.<anonymous> (/home/ubuntu/nextjs-game-platform/server_enhanced.js:104:7)
TypeError: Missing parameter name at index 1: *; visit https://git.new/pathToRegexpError for info
    at name (/home/ubuntu/nextjs-game-platform/node_modules/path-to-regexp/dist/index.js:96:19)
    at parse (/home/ubuntu/nextjs-game-platform/node_modules/path-to-regexp/dist/index.js:113:68)
    at pathToRegexp (/home/ubuntu/nextjs-game-platform/node_modules/path-to-regexp/dist/index.js:267:58)
    at Object.match (/home/ubuntu/nextjs-game-platform/node_modules/path-to-regexp/dist/index.js:237:30)
    at matcher (/home/ubuntu/nextjs-game-platform/node_modules/router/lib/layer.js:86:23)
    at new Layer (/home/ubuntu/nextjs-game-platform/node_modules/router/lib/layer.js:93:62)
    at Function.route (/home/ubuntu/nextjs-game-platform/node_modules/router/index.js:428:17)
    at Function.route (/home/ubuntu/nextjs-game-platform/node_modules/express/lib/application.js:257:22)
    at app.<computed> [as get] (/home/ubuntu/nextjs-game-platform/node_modules/express/lib/application.js:478:22)
    at Object.<anonymous> (/home/ubuntu/nextjs-game-platform/server_enhanced.js:104:7)
TypeError: Missing parameter name at index 1: *; visit https://git.new/pathToRegexpError for info
    at name (/home/ubuntu/nextjs-game-platform/node_modules/path-to-regexp/dist/index.js:96:19)
    at parse (/home/ubuntu/nextjs-game-platform/node_modules/path-to-regexp/dist/index.js:113:68)
    at pathToRegexp (/home/ubuntu/nextjs-game-platform/node_modules/path-to-regexp/dist/index.js:267:58)
    at Object.match (/home/ubuntu/nextjs-game-platform/node_modules/path-to-regexp/dist/index.js:237:30)
    at matcher (/home/ubuntu/nextjs-game-platform/node_modules/router/lib/layer.js:86:23)
    at new Layer (/home/ubuntu/nextjs-game-platform/node_modules/router/lib/layer.js:93:62)
    at Function.route (/home/ubuntu/nextjs-game-platform/node_modules/router/index.js:428:17)
    at Function.route (/home/ubuntu/nextjs-game-platform/node_modules/express/lib/application.js:257:22)
    at app.<computed> [as get] (/home/ubuntu/nextjs-game-platform/node_modules/express/lib/application.js:478:22)
    at Object.<anonymous> (/home/ubuntu/nextjs-game-platform/server_enhanced.js:104:7)
TypeError: Missing parameter name at index 1: *; visit https://git.new/pathToRegexpError for info
    at name (/home/ubuntu/nextjs-game-platform/node_modules/path-to-regexp/dist/index.js:96:19)
    at parse (/home/ubuntu/nextjs-game-platform/node_modules/path-to-regexp/dist/index.js:113:68)
    at pathToRegexp (/home/ubuntu/nextjs-game-platform/node_modules/path-to-regexp/dist/index.js:267:58)
    at Object.match (/home/ubuntu/nextjs-game-platform/node_modules/path-to-regexp/dist/index.js:237:30)
    at matcher (/home/ubuntu/nextjs-game-platform/node_modules/router/lib/layer.js:86:23)
    at new Layer (/home/ubuntu/nextjs-game-platform/node_modules/router/lib/layer.js:93:62)
    at Function.route (/home/ubuntu/nextjs-game-platform/node_modules/router/index.js:428:17)
    at Function.route (/home/ubuntu/nextjs-game-platform/node_modules/express/lib/application.js:257:22)
    at app.<computed> [as get] (/home/ubuntu/nextjs-game-platform/node_modules/express/lib/application.js:478:22)
    at Object.<anonymous> (/home/ubuntu/nextjs-game-platform/server_enhanced.js:104:7)
TypeError: Missing parameter name at index 1: *; visit https://git.new/pathToRegexpError for info
    at name (/home/ubuntu/nextjs-game-platform/node_modules/path-to-regexp/dist/index.js:96:19)
    at parse (/home/ubuntu/nextjs-game-platform/node_modules/path-to-regexp/dist/index.js:113:68)
    at pathToRegexp (/home/ubuntu/nextjs-game-platform/node_modules/path-to-regexp/dist/index.js:267:58)
    at Object.match (/home/ubuntu/nextjs-game-platform/node_modules/path-to-regexp/dist/index.js:237:30)
    at matcher (/home/ubuntu/nextjs-game-platform/node_modules/router/lib/layer.js:86:23)
    at new Layer (/home/ubuntu/nextjs-game-platform/node_modules/router/lib/layer.js:93:62)
    at Function.route (/home/ubuntu/nextjs-game-platform/node_modules/router/index.js:428:17)
    at Function.route (/home/ubuntu/nextjs-game-platform/node_modules/express/lib/application.js:257:22)
    at app.<computed> [as get] (/home/ubuntu/nextjs-game-platform/node_modules/express/lib/application.js:478:22)
    at Object.<anonymous> (/home/ubuntu/nextjs-game-platform/server_enhanced.js:104:7)
TypeError: Missing parameter name at index 1: *; visit https://git.new/pathToRegexpError for info
    at name (/home/ubuntu/nextjs-game-platform/node_modules/path-to-regexp/dist/index.js:96:19)
    at parse (/home/ubuntu/nextjs-game-platform/node_modules/path-to-regexp/dist/index.js:113:68)
    at pathToRegexp (/home/ubuntu/nextjs-game-platform/node_modules/path-to-regexp/dist/index.js:267:58)
    at Object.match (/home/ubuntu/nextjs-game-platform/node_modules/path-to-regexp/dist/index.js:237:30)
    at matcher (/home/ubuntu/nextjs-game-platform/node_modules/router/lib/layer.js:86:23)
    at new Layer (/home/ubuntu/nextjs-game-platform/node_modules/router/lib/layer.js:93:62)
    at Function.route (/home/ubuntu/nextjs-game-platform/node_modules/router/index.js:428:17)
    at Function.route (/home/ubuntu/nextjs-game-platform/node_modules/express/lib/application.js:257:22)
    at app.<computed> [as get] (/home/ubuntu/nextjs-game-platform/node_modules/express/lib/application.js:478:22)
    at Object.<anonymous> (/home/ubuntu/nextjs-game-platform/server_enhanced.js:104:7)
TypeError: Missing parameter name at index 1: *; visit https://git.new/pathToRegexpError for info
    at name (/home/ubuntu/nextjs-game-platform/node_modules/path-to-regexp/dist/index.js:96:19)
    at parse (/home/ubuntu/nextjs-game-platform/node_modules/path-to-regexp/dist/index.js:113:68)
    at pathToRegexp (/home/ubuntu/nextjs-game-platform/node_modules/path-to-regexp/dist/index.js:267:58)
    at Object.match (/home/ubuntu/nextjs-game-platform/node_modules/path-to-regexp/dist/index.js:237:30)
    at matcher (/home/ubuntu/nextjs-game-platform/node_modules/router/lib/layer.js:86:23)
    at new Layer (/home/ubuntu/nextjs-game-platform/node_modules/router/lib/layer.js:93:62)
    at Function.route (/home/ubuntu/nextjs-game-platform/node_modules/router/index.js:428:17)
    at Function.route (/home/ubuntu/nextjs-game-platform/node_modules/express/lib/application.js:257:22)
    at app.<computed> [as get] (/home/ubuntu/nextjs-game-platform/node_modules/express/lib/application.js:478:22)
    at Object.<anonymous> (/home/ubuntu/nextjs-game-platform/server_enhanced.js:104:7)
TypeError: Missing parameter name at index 1: *; visit https://git.new/pathToRegexpError for info
    at name (/home/ubuntu/nextjs-game-platform/node_modules/path-to-regexp/dist/index.js:96:19)
    at parse (/home/ubuntu/nextjs-game-platform/node_modules/path-to-regexp/dist/index.js:113:68)
    at pathToRegexp (/home/ubuntu/nextjs-game-platform/node_modules/path-to-regexp/dist/index.js:267:58)
    at Object.match (/home/ubuntu/nextjs-game-platform/node_modules/path-to-regexp/dist/index.js:237:30)
    at matcher (/home/ubuntu/nextjs-game-platform/node_modules/router/lib/layer.js:86:23)
    at new Layer (/home/ubuntu/nextjs-game-platform/node_modules/router/lib/layer.js:93:62)
    at Function.route (/home/ubuntu/nextjs-game-platform/node_modules/router/index.js:428:17)
    at Function.route (/home/ubuntu/nextjs-game-platform/node_modules/express/lib/application.js:257:22)
    at app.<computed> [as get] (/home/ubuntu/nextjs-game-platform/node_modules/express/lib/application.js:478:22)
    at Object.<anonymous> (/home/ubuntu/nextjs-game-platform/server_enhanced.js:104:7)
TypeError: Missing parameter name at index 1: *; visit https://git.new/pathToRegexpError for info
    at name (/home/ubuntu/nextjs-game-platform/node_modules/path-to-regexp/dist/index.js:96:19)
    at parse (/home/ubuntu/nextjs-game-platform/node_modules/path-to-regexp/dist/index.js:113:68)
    at pathToRegexp (/home/ubuntu/nextjs-game-platform/node_modules/path-to-regexp/dist/index.js:267:58)
    at Object.match (/home/ubuntu/nextjs-game-platform/node_modules/path-to-regexp/dist/index.js:237:30)
    at matcher (/home/ubuntu/nextjs-game-platform/node_modules/router/lib/layer.js:86:23)
    at new Layer (/home/ubuntu/nextjs-game-platform/node_modules/router/lib/layer.js:93:62)
    at Function.route (/home/ubuntu/nextjs-game-platform/node_modules/router/index.js:428:17)
    at Function.route (/home/ubuntu/nextjs-game-platform/node_modules/express/lib/application.js:257:22)
    at app.<computed> [as get] (/home/ubuntu/nextjs-game-platform/node_modules/express/lib/application.js:478:22)
    at Object.<anonymous> (/home/ubuntu/nextjs-game-platform/server_enhanced.js:104:7)
TypeError: Missing parameter name at index 1: *; visit https://git.new/pathToRegexpError for info
    at name (/home/ubuntu/nextjs-game-platform/node_modules/path-to-regexp/dist/index.js:96:19)
    at parse (/home/ubuntu/nextjs-game-platform/node_modules/path-to-regexp/dist/index.js:113:68)
    at pathToRegexp (/home/ubuntu/nextjs-game-platform/node_modules/path-to-regexp/dist/index.js:267:58)
    at Object.match (/home/ubuntu/nextjs-game-platform/node_modules/path-to-regexp/dist/index.js:237:30)
    at matcher (/home/ubuntu/nextjs-game-platform/node_modules/router/lib/layer.js:86:23)
    at new Layer (/home/ubuntu/nextjs-game-platform/node_modules/router/lib/layer.js:93:62)
    at Function.route (/home/ubuntu/nextjs-game-platform/node_modules/router/index.js:428:17)
    at Function.route (/home/ubuntu/nextjs-game-platform/node_modules/express/lib/application.js:257:22)
    at app.<computed> [as get] (/home/ubuntu/nextjs-game-platform/node_modules/express/lib/application.js:478:22)
    at Object.<anonymous> (/home/ubuntu/nextjs-game-platform/server_enhanced.js:104:7)
TypeError: Missing parameter name at index 1: *; visit https://git.new/pathToRegexpError for info
    at name (/home/ubuntu/nextjs-game-platform/node_modules/path-to-regexp/dist/index.js:96:19)
    at parse (/home/ubuntu/nextjs-game-platform/node_modules/path-to-regexp/dist/index.js:113:68)
    at pathToRegexp (/home/ubuntu/nextjs-game-platform/node_modules/path-to-regexp/dist/index.js:267:58)
    at Object.match (/home/ubuntu/nextjs-game-platform/node_modules/path-to-regexp/dist/index.js:237:30)
    at matcher (/home/ubuntu/nextjs-game-platform/node_modules/router/lib/layer.js:86:23)
    at new Layer (/home/ubuntu/nextjs-game-platform/node_modules/router/lib/layer.js:93:62)
    at Function.route (/home/ubuntu/nextjs-game-platform/node_modules/router/index.js:428:17)
    at Function.route (/home/ubuntu/nextjs-game-platform/node_modules/express/lib/application.js:257:22)
    at app.<computed> [as get] (/home/ubuntu/nextjs-game-platform/node_modules/express/lib/application.js:478:22)
    at Object.<anonymous> (/home/ubuntu/nextjs-game-platform/server_enhanced.js:104:7)
TypeError: Missing parameter name at index 1: *; visit https://git.new/pathToRegexpError for info
    at name (/home/ubuntu/nextjs-game-platform/node_modules/path-to-regexp/dist/index.js:96:19)
    at parse (/home/ubuntu/nextjs-game-platform/node_modules/path-to-regexp/dist/index.js:113:68)
    at pathToRegexp (/home/ubuntu/nextjs-game-platform/node_modules/path-to-regexp/dist/index.js:267:58)
    at Object.match (/home/ubuntu/nextjs-game-platform/node_modules/path-to-regexp/dist/index.js:237:30)
    at matcher (/home/ubuntu/nextjs-game-platform/node_modules/router/lib/layer.js:86:23)
    at new Layer (/home/ubuntu/nextjs-game-platform/node_modules/router/lib/layer.js:93:62)
    at Function.route (/home/ubuntu/nextjs-game-platform/node_modules/router/index.js:428:17)
    at Function.route (/home/ubuntu/nextjs-game-platform/node_modules/express/lib/application.js:257:22)
    at app.<computed> [as get] (/home/ubuntu/nextjs-game-platform/node_modules/express/lib/application.js:478:22)
    at Object.<anonymous> (/home/ubuntu/nextjs-game-platform/server_enhanced.js:104:7)
TypeError: Missing parameter name at index 1: *; visit https://git.new/pathToRegexpError for info
    at name (/home/ubuntu/nextjs-game-platform/node_modules/path-to-regexp/dist/index.js:96:19)
    at parse (/home/ubuntu/nextjs-game-platform/node_modules/path-to-regexp/dist/index.js:113:68)
    at pathToRegexp (/home/ubuntu/nextjs-game-platform/node_modules/path-to-regexp/dist/index.js:267:58)
    at Object.match (/home/ubuntu/nextjs-game-platform/node_modules/path-to-regexp/dist/index.js:237:30)
    at matcher (/home/ubuntu/nextjs-game-platform/node_modules/router/lib/layer.js:86:23)
    at new Layer (/home/ubuntu/nextjs-game-platform/node_modules/router/lib/layer.js:93:62)
    at Function.route (/home/ubuntu/nextjs-game-platform/node_modules/router/index.js:428:17)
    at Function.route (/home/ubuntu/nextjs-game-platform/node_modules/express/lib/application.js:257:22)
    at app.<computed> [as get] (/home/ubuntu/nextjs-game-platform/node_modules/express/lib/application.js:478:22)
    at Object.<anonymous> (/home/ubuntu/nextjs-game-platform/server_enhanced.js:104:7)
TypeError: Missing parameter name at index 1: *; visit https://git.new/pathToRegexpError for info
    at name (/home/ubuntu/nextjs-game-platform/node_modules/path-to-regexp/dist/index.js:96:19)
    at parse (/home/ubuntu/nextjs-game-platform/node_modules/path-to-regexp/dist/index.js:113:68)
    at pathToRegexp (/home/ubuntu/nextjs-game-platform/node_modules/path-to-regexp/dist/index.js:267:58)
    at Object.match (/home/ubuntu/nextjs-game-platform/node_modules/path-to-regexp/dist/index.js:237:30)
    at matcher (/home/ubuntu/nextjs-game-platform/node_modules/router/lib/layer.js:86:23)
    at new Layer (/home/ubuntu/nextjs-game-platform/node_modules/router/lib/layer.js:93:62)
    at Function.route (/home/ubuntu/nextjs-game-platform/node_modules/router/index.js:428:17)
    at Function.route (/home/ubuntu/nextjs-game-platform/node_modules/express/lib/application.js:257:22)
    at app.<computed> [as get] (/home/ubuntu/nextjs-game-platform/node_modules/express/lib/application.js:478:22)
    at Object.<anonymous> (/home/ubuntu/nextjs-game-platform/server_enhanced.js:104:7)
TypeError: Missing parameter name at index 1: *; visit https://git.new/pathToRegexpError for info
    at name (/home/ubuntu/nextjs-game-platform/node_modules/path-to-regexp/dist/index.js:96:19)
    at parse (/home/ubuntu/nextjs-game-platform/node_modules/path-to-regexp/dist/index.js:113:68)
    at pathToRegexp (/home/ubuntu/nextjs-game-platform/node_modules/path-to-regexp/dist/index.js:267:58)
    at Object.match (/home/ubuntu/nextjs-game-platform/node_modules/path-to-regexp/dist/index.js:237:30)
    at matcher (/home/ubuntu/nextjs-game-platform/node_modules/router/lib/layer.js:86:23)
    at new Layer (/home/ubuntu/nextjs-game-platform/node_modules/router/lib/layer.js:93:62)
    at Function.route (/home/ubuntu/nextjs-game-platform/node_modules/router/index.js:428:17)
    at Function.route (/home/ubuntu/nextjs-game-platform/node_modules/express/lib/application.js:257:22)
    at app.<computed> [as get] (/home/ubuntu/nextjs-game-platform/node_modules/express/lib/application.js:478:22)
    at Object.<anonymous> (/home/ubuntu/nextjs-game-platform/server_enhanced.js:104:7)
TypeError: Missing parameter name at index 1: *; visit https://git.new/pathToRegexpError for info
    at name (/home/ubuntu/nextjs-game-platform/node_modules/path-to-regexp/dist/index.js:96:19)
    at parse (/home/ubuntu/nextjs-game-platform/node_modules/path-to-regexp/dist/index.js:113:68)
    at pathToRegexp (/home/ubuntu/nextjs-game-platform/node_modules/path-to-regexp/dist/index.js:267:58)
    at Object.match (/home/ubuntu/nextjs-game-platform/node_modules/path-to-regexp/dist/index.js:237:30)
    at matcher (/home/ubuntu/nextjs-game-platform/node_modules/router/lib/layer.js:86:23)
    at new Layer (/home/ubuntu/nextjs-game-platform/node_modules/router/lib/layer.js:93:62)
    at Function.route (/home/ubuntu/nextjs-game-platform/node_modules/router/index.js:428:17)
    at Function.route (/home/ubuntu/nextjs-game-platform/node_modules/express/lib/application.js:257:22)
    at app.<computed> [as get] (/home/ubuntu/nextjs-game-platform/node_modules/express/lib/application.js:478:22)
    at Object.<anonymous> (/home/ubuntu/nextjs-game-platform/server_enhanced.js:104:7)
TypeError: Missing parameter name at index 1: *; visit https://git.new/pathToRegexpError for info
    at name (/home/ubuntu/nextjs-game-platform/node_modules/path-to-regexp/dist/index.js:96:19)
    at parse (/home/ubuntu/nextjs-game-platform/node_modules/path-to-regexp/dist/index.js:113:68)
    at pathToRegexp (/home/ubuntu/nextjs-game-platform/node_modules/path-to-regexp/dist/index.js:267:58)
    at Object.match (/home/ubuntu/nextjs-game-platform/node_modules/path-to-regexp/dist/index.js:237:30)
    at matcher (/home/ubuntu/nextjs-game-platform/node_modules/router/lib/layer.js:86:23)
    at new Layer (/home/ubuntu/nextjs-game-platform/node_modules/router/lib/layer.js:93:62)
    at Function.route (/home/ubuntu/nextjs-game-platform/node_modules/router/index.js:428:17)
    at Function.route (/home/ubuntu/nextjs-game-platform/node_modules/express/lib/application.js:257:22)
    at app.<computed> [as get] (/home/ubuntu/nextjs-game-platform/node_modules/express/lib/application.js:478:22)
    at Object.<anonymous> (/home/ubuntu/nextjs-game-platform/server_enhanced.js:104:7)
TypeError: Missing parameter name at index 1: *; visit https://git.new/pathToRegexpError for info
    at name (/home/ubuntu/nextjs-game-platform/node_modules/path-to-regexp/dist/index.js:96:19)
    at parse (/home/ubuntu/nextjs-game-platform/node_modules/path-to-regexp/dist/index.js:113:68)
    at pathToRegexp (/home/ubuntu/nextjs-game-platform/node_modules/path-to-regexp/dist/index.js:267:58)
    at Object.match (/home/ubuntu/nextjs-game-platform/node_modules/path-to-regexp/dist/index.js:237:30)
    at matcher (/home/ubuntu/nextjs-game-platform/node_modules/router/lib/layer.js:86:23)
    at new Layer (/home/ubuntu/nextjs-game-platform/node_modules/router/lib/layer.js:93:62)
    at Function.route (/home/ubuntu/nextjs-game-platform/node_modules/router/index.js:428:17)
    at Function.route (/home/ubuntu/nextjs-game-platform/node_modules/express/lib/application.js:257:22)
    at app.<computed> [as get] (/home/ubuntu/nextjs-game-platform/node_modules/express/lib/application.js:478:22)
    at Object.<anonymous> (/home/ubuntu/nextjs-game-platform/server_enhanced.js:104:7)
TypeError: Missing parameter name at index 1: *; visit https://git.new/pathToRegexpError for info
    at name (/home/ubuntu/nextjs-game-platform/node_modules/path-to-regexp/dist/index.js:96:19)
    at parse (/home/ubuntu/nextjs-game-platform/node_modules/path-to-regexp/dist/index.js:113:68)
    at pathToRegexp (/home/ubuntu/nextjs-game-platform/node_modules/path-to-regexp/dist/index.js:267:58)
    at Object.match (/home/ubuntu/nextjs-game-platform/node_modules/path-to-regexp/dist/index.js:237:30)
    at matcher (/home/ubuntu/nextjs-game-platform/node_modules/router/lib/layer.js:86:23)
    at new Layer (/home/ubuntu/nextjs-game-platform/node_modules/router/lib/layer.js:93:62)
    at Function.route (/home/ubuntu/nextjs-game-platform/node_modules/router/index.js:428:17)
    at Function.route (/home/ubuntu/nextjs-game-platform/node_modules/express/lib/application.js:257:22)
    at app.<computed> [as get] (/home/ubuntu/nextjs-game-platform/node_modules/express/lib/application.js:478:22)
    at Object.<anonymous> (/home/ubuntu/nextjs-game-platform/server_enhanced.js:104:7)
TypeError: Missing parameter name at index 1: *; visit https://git.new/pathToRegexpError for info
    at name (/home/ubuntu/nextjs-game-platform/node_modules/path-to-regexp/dist/index.js:96:19)
    at parse (/home/ubuntu/nextjs-game-platform/node_modules/path-to-regexp/dist/index.js:113:68)
    at pathToRegexp (/home/ubuntu/nextjs-game-platform/node_modules/path-to-regexp/dist/index.js:267:58)
    at Object.match (/home/ubuntu/nextjs-game-platform/node_modules/path-to-regexp/dist/index.js:237:30)
    at matcher (/home/ubuntu/nextjs-game-platform/node_modules/router/lib/layer.js:86:23)
    at new Layer (/home/ubuntu/nextjs-game-platform/node_modules/router/lib/layer.js:93:62)
    at Function.route (/home/ubuntu/nextjs-game-platform/node_modules/router/index.js:428:17)
    at Function.route (/home/ubuntu/nextjs-game-platform/node_modules/express/lib/application.js:257:22)
    at app.<computed> [as get] (/home/ubuntu/nextjs-game-platform/node_modules/express/lib/application.js:478:22)
    at Object.<anonymous> (/home/ubuntu/nextjs-game-platform/server_enhanced.js:104:7)
TypeError: Missing parameter name at index 1: *; visit https://git.new/pathToRegexpError for info
    at name (/home/ubuntu/nextjs-game-platform/node_modules/path-to-regexp/dist/index.js:96:19)
    at parse (/home/ubuntu/nextjs-game-platform/node_modules/path-to-regexp/dist/index.js:113:68)
    at pathToRegexp (/home/ubuntu/nextjs-game-platform/node_modules/path-to-regexp/dist/index.js:267:58)
    at Object.match (/home/ubuntu/nextjs-game-platform/node_modules/path-to-regexp/dist/index.js:237:30)
    at matcher (/home/ubuntu/nextjs-game-platform/node_modules/router/lib/layer.js:86:23)
    at new Layer (/home/ubuntu/nextjs-game-platform/node_modules/router/lib/layer.js:93:62)
    at Function.route (/home/ubuntu/nextjs-game-platform/node_modules/router/index.js:428:17)
    at Function.route (/home/ubuntu/nextjs-game-platform/node_modules/express/lib/application.js:257:22)
    at app.<computed> [as get] (/home/ubuntu/nextjs-game-platform/node_modules/express/lib/application.js:478:22)
    at Object.<anonymous> (/home/ubuntu/nextjs-game-platform/server_enhanced.js:104:7)
TypeError: Missing parameter name at index 1: *; visit https://git.new/pathToRegexpError for info
    at name (/home/ubuntu/nextjs-game-platform/node_modules/path-to-regexp/dist/index.js:96:19)
    at parse (/home/ubuntu/nextjs-game-platform/node_modules/path-to-regexp/dist/index.js:113:68)
    at pathToRegexp (/home/ubuntu/nextjs-game-platform/node_modules/path-to-regexp/dist/index.js:267:58)
    at Object.match (/home/ubuntu/nextjs-game-platform/node_modules/path-to-regexp/dist/index.js:237:30)
    at matcher (/home/ubuntu/nextjs-game-platform/node_modules/router/lib/layer.js:86:23)
    at new Layer (/home/ubuntu/nextjs-game-platform/node_modules/router/lib/layer.js:93:62)
    at Function.route (/home/ubuntu/nextjs-game-platform/node_modules/router/index.js:428:17)
    at Function.route (/home/ubuntu/nextjs-game-platform/node_modules/express/lib/application.js:257:22)
    at app.<computed> [as get] (/home/ubuntu/nextjs-game-platform/node_modules/express/lib/application.js:478:22)
    at Object.<anonymous> (/home/ubuntu/nextjs-game-platform/server_enhanced.js:104:7)
TypeError: Missing parameter name at index 1: *; visit https://git.new/pathToRegexpError for info
    at name (/home/ubuntu/nextjs-game-platform/node_modules/path-to-regexp/dist/index.js:96:19)
    at parse (/home/ubuntu/nextjs-game-platform/node_modules/path-to-regexp/dist/index.js:113:68)
    at pathToRegexp (/home/ubuntu/nextjs-game-platform/node_modules/path-to-regexp/dist/index.js:267:58)
    at Object.match (/home/ubuntu/nextjs-game-platform/node_modules/path-to-regexp/dist/index.js:237:30)
    at matcher (/home/ubuntu/nextjs-game-platform/node_modules/router/lib/layer.js:86:23)
    at new Layer (/home/ubuntu/nextjs-game-platform/node_modules/router/lib/layer.js:93:62)
    at Function.route (/home/ubuntu/nextjs-game-platform/node_modules/router/index.js:428:17)
    at Function.route (/home/ubuntu/nextjs-game-platform/node_modules/express/lib/application.js:257:22)
    at app.<computed> [as get] (/home/ubuntu/nextjs-game-platform/node_modules/express/lib/application.js:478:22)
    at Object.<anonymous> (/home/ubuntu/nextjs-game-platform/server_enhanced.js:104:7)
TypeError: Missing parameter name at index 1: *; visit https://git.new/pathToRegexpError for info
    at name (/home/ubuntu/nextjs-game-platform/node_modules/path-to-regexp/dist/index.js:96:19)
    at parse (/home/ubuntu/nextjs-game-platform/node_modules/path-to-regexp/dist/index.js:113:68)
    at pathToRegexp (/home/ubuntu/nextjs-game-platform/node_modules/path-to-regexp/dist/index.js:267:58)
    at Object.match (/home/ubuntu/nextjs-game-platform/node_modules/path-to-regexp/dist/index.js:237:30)
    at matcher (/home/ubuntu/nextjs-game-platform/node_modules/router/lib/layer.js:86:23)
    at new Layer (/home/ubuntu/nextjs-game-platform/node_modules/router/lib/layer.js:93:62)
    at Function.route (/home/ubuntu/nextjs-game-platform/node_modules/router/index.js:428:17)
    at Function.route (/home/ubuntu/nextjs-game-platform/node_modules/express/lib/application.js:257:22)
    at app.<computed> [as get] (/home/ubuntu/nextjs-game-platform/node_modules/express/lib/application.js:478:22)
    at Object.<anonymous> (/home/ubuntu/nextjs-game-platform/server_enhanced.js:104:7)
TypeError: Missing parameter name at index 1: *; visit https://git.new/pathToRegexpError for info
    at name (/home/ubuntu/nextjs-game-platform/node_modules/path-to-regexp/dist/index.js:96:19)
    at parse (/home/ubuntu/nextjs-game-platform/node_modules/path-to-regexp/dist/index.js:113:68)
    at pathToRegexp (/home/ubuntu/nextjs-game-platform/node_modules/path-to-regexp/dist/index.js:267:58)
    at Object.match (/home/ubuntu/nextjs-game-platform/node_modules/path-to-regexp/dist/index.js:237:30)
    at matcher (/home/ubuntu/nextjs-game-platform/node_modules/router/lib/layer.js:86:23)
    at new Layer (/home/ubuntu/nextjs-game-platform/node_modules/router/lib/layer.js:93:62)
    at Function.route (/home/ubuntu/nextjs-game-platform/node_modules/router/index.js:428:17)
    at Function.route (/home/ubuntu/nextjs-game-platform/node_modules/express/lib/application.js:257:22)
    at app.<computed> [as get] (/home/ubuntu/nextjs-game-platform/node_modules/express/lib/application.js:478:22)
    at Object.<anonymous> (/home/ubuntu/nextjs-game-platform/server_enhanced.js:104:7)
TypeError: Missing parameter name at index 1: *; visit https://git.new/pathToRegexpError for info
    at name (/home/ubuntu/nextjs-game-platform/node_modules/path-to-regexp/dist/index.js:96:19)
    at parse (/home/ubuntu/nextjs-game-platform/node_modules/path-to-regexp/dist/index.js:113:68)
    at pathToRegexp (/home/ubuntu/nextjs-game-platform/node_modules/path-to-regexp/dist/index.js:267:58)
    at Object.match (/home/ubuntu/nextjs-game-platform/node_modules/path-to-regexp/dist/index.js:237:30)
    at matcher (/home/ubuntu/nextjs-game-platform/node_modules/router/lib/layer.js:86:23)
    at new Layer (/home/ubuntu/nextjs-game-platform/node_modules/router/lib/layer.js:93:62)
    at Function.route (/home/ubuntu/nextjs-game-platform/node_modules/router/index.js:428:17)
    at Function.route (/home/ubuntu/nextjs-game-platform/node_modules/express/lib/application.js:257:22)
    at Function.all (/home/ubuntu/nextjs-game-platform/node_modules/express/lib/application.js:495:20)
    at Object.<anonymous> (/home/ubuntu/nextjs-game-platform/server_enhanced.js:101:5)
TypeError: Missing parameter name at index 1: *; visit https://git.new/pathToRegexpError for info
    at name (/home/ubuntu/nextjs-game-platform/node_modules/path-to-regexp/dist/index.js:96:19)
    at parse (/home/ubuntu/nextjs-game-platform/node_modules/path-to-regexp/dist/index.js:113:68)
    at pathToRegexp (/home/ubuntu/nextjs-game-platform/node_modules/path-to-regexp/dist/index.js:267:58)
    at Object.match (/home/ubuntu/nextjs-game-platform/node_modules/path-to-regexp/dist/index.js:237:30)
    at matcher (/home/ubuntu/nextjs-game-platform/node_modules/router/lib/layer.js:86:23)
    at new Layer (/home/ubuntu/nextjs-game-platform/node_modules/router/lib/layer.js:93:62)
    at Function.route (/home/ubuntu/nextjs-game-platform/node_modules/router/index.js:428:17)
    at Function.route (/home/ubuntu/nextjs-game-platform/node_modules/express/lib/application.js:257:22)
    at Function.all (/home/ubuntu/nextjs-game-platform/node_modules/express/lib/application.js:495:20)
    at Object.<anonymous> (/home/ubuntu/nextjs-game-platform/server_enhanced.js:101:5)
TypeError: Missing parameter name at index 1: *; visit https://git.new/pathToRegexpError for info
    at name (/home/ubuntu/nextjs-game-platform/node_modules/path-to-regexp/dist/index.js:96:19)
    at parse (/home/ubuntu/nextjs-game-platform/node_modules/path-to-regexp/dist/index.js:113:68)
    at pathToRegexp (/home/ubuntu/nextjs-game-platform/node_modules/path-to-regexp/dist/index.js:267:58)
    at Object.match (/home/ubuntu/nextjs-game-platform/node_modules/path-to-regexp/dist/index.js:237:30)
    at matcher (/home/ubuntu/nextjs-game-platform/node_modules/router/lib/layer.js:86:23)
    at new Layer (/home/ubuntu/nextjs-game-platform/node_modules/router/lib/layer.js:93:62)
    at Function.route (/home/ubuntu/nextjs-game-platform/node_modules/router/index.js:428:17)
    at Function.route (/home/ubuntu/nextjs-game-platform/node_modules/express/lib/application.js:257:22)
    at Function.all (/home/ubuntu/nextjs-game-platform/node_modules/express/lib/application.js:495:20)
    at Object.<anonymous> (/home/ubuntu/nextjs-game-platform/server_enhanced.js:101:5)
TypeError: Missing parameter name at index 1: *; visit https://git.new/pathToRegexpError for info
    at name (/home/ubuntu/nextjs-game-platform/node_modules/path-to-regexp/dist/index.js:96:19)
    at parse (/home/ubuntu/nextjs-game-platform/node_modules/path-to-regexp/dist/index.js:113:68)
    at pathToRegexp (/home/ubuntu/nextjs-game-platform/node_modules/path-to-regexp/dist/index.js:267:58)
    at Object.match (/home/ubuntu/nextjs-game-platform/node_modules/path-to-regexp/dist/index.js:237:30)
    at matcher (/home/ubuntu/nextjs-game-platform/node_modules/router/lib/layer.js:86:23)
    at new Layer (/home/ubuntu/nextjs-game-platform/node_modules/router/lib/layer.js:93:62)
    at Function.route (/home/ubuntu/nextjs-game-platform/node_modules/router/index.js:428:17)
    at Function.route (/home/ubuntu/nextjs-game-platform/node_modules/express/lib/application.js:257:22)
    at Function.all (/home/ubuntu/nextjs-game-platform/node_modules/express/lib/application.js:495:20)
    at Object.<anonymous> (/home/ubuntu/nextjs-game-platform/server_enhanced.js:101:5)
TypeError: Missing parameter name at index 1: *; visit https://git.new/pathToRegexpError for info
    at name (/home/ubuntu/nextjs-game-platform/node_modules/path-to-regexp/dist/index.js:96:19)
    at parse (/home/ubuntu/nextjs-game-platform/node_modules/path-to-regexp/dist/index.js:113:68)
    at pathToRegexp (/home/ubuntu/nextjs-game-platform/node_modules/path-to-regexp/dist/index.js:267:58)
    at Object.match (/home/ubuntu/nextjs-game-platform/node_modules/path-to-regexp/dist/index.js:237:30)
    at matcher (/home/ubuntu/nextjs-game-platform/node_modules/router/lib/layer.js:86:23)
    at new Layer (/home/ubuntu/nextjs-game-platform/node_modules/router/lib/layer.js:93:62)
    at Function.route (/home/ubuntu/nextjs-game-platform/node_modules/router/index.js:428:17)
    at Function.route (/home/ubuntu/nextjs-game-platform/node_modules/express/lib/application.js:257:22)
    at Function.all (/home/ubuntu/nextjs-game-platform/node_modules/express/lib/application.js:495:20)
    at Object.<anonymous> (/home/ubuntu/nextjs-game-platform/server_enhanced.js:101:5)
TypeError: Missing parameter name at index 1: *; visit https://git.new/pathToRegexpError for info
    at name (/home/ubuntu/nextjs-game-platform/node_modules/path-to-regexp/dist/index.js:96:19)
    at parse (/home/ubuntu/nextjs-game-platform/node_modules/path-to-regexp/dist/index.js:113:68)
    at pathToRegexp (/home/ubuntu/nextjs-game-platform/node_modules/path-to-regexp/dist/index.js:267:58)
    at Object.match (/home/ubuntu/nextjs-game-platform/node_modules/path-to-regexp/dist/index.js:237:30)
    at matcher (/home/ubuntu/nextjs-game-platform/node_modules/router/lib/layer.js:86:23)
    at new Layer (/home/ubuntu/nextjs-game-platform/node_modules/router/lib/layer.js:93:62)
    at Function.route (/home/ubuntu/nextjs-game-platform/node_modules/router/index.js:428:17)
    at Function.route (/home/ubuntu/nextjs-game-platform/node_modules/express/lib/application.js:257:22)
    at Function.all (/home/ubuntu/nextjs-game-platform/node_modules/express/lib/application.js:495:20)
    at Object.<anonymous> (/home/ubuntu/nextjs-game-platform/server_enhanced.js:101:5)
TypeError: Missing parameter name at index 1: *; visit https://git.new/pathToRegexpError for info
    at name (/home/ubuntu/nextjs-game-platform/node_modules/path-to-regexp/dist/index.js:96:19)
    at parse (/home/ubuntu/nextjs-game-platform/node_modules/path-to-regexp/dist/index.js:113:68)
    at pathToRegexp (/home/ubuntu/nextjs-game-platform/node_modules/path-to-regexp/dist/index.js:267:58)
    at Object.match (/home/ubuntu/nextjs-game-platform/node_modules/path-to-regexp/dist/index.js:237:30)
    at matcher (/home/ubuntu/nextjs-game-platform/node_modules/router/lib/layer.js:86:23)
    at new Layer (/home/ubuntu/nextjs-game-platform/node_modules/router/lib/layer.js:93:62)
    at Function.route (/home/ubuntu/nextjs-game-platform/node_modules/router/index.js:428:17)
    at Function.route (/home/ubuntu/nextjs-game-platform/node_modules/express/lib/application.js:257:22)
    at Function.all (/home/ubuntu/nextjs-game-platform/node_modules/express/lib/application.js:495:20)
    at Object.<anonymous> (/home/ubuntu/nextjs-game-platform/server_enhanced.js:101:5)
TypeError: Missing parameter name at index 1: *; visit https://git.new/pathToRegexpError for info
    at name (/home/ubuntu/nextjs-game-platform/node_modules/path-to-regexp/dist/index.js:96:19)
    at parse (/home/ubuntu/nextjs-game-platform/node_modules/path-to-regexp/dist/index.js:113:68)
    at pathToRegexp (/home/ubuntu/nextjs-game-platform/node_modules/path-to-regexp/dist/index.js:267:58)
    at Object.match (/home/ubuntu/nextjs-game-platform/node_modules/path-to-regexp/dist/index.js:237:30)
    at matcher (/home/ubuntu/nextjs-game-platform/node_modules/router/lib/layer.js:86:23)
    at new Layer (/home/ubuntu/nextjs-game-platform/node_modules/router/lib/layer.js:93:62)
    at Function.route (/home/ubuntu/nextjs-game-platform/node_modules/router/index.js:428:17)
    at Function.route (/home/ubuntu/nextjs-game-platform/node_modules/express/lib/application.js:257:22)
    at Function.all (/home/ubuntu/nextjs-game-platform/node_modules/express/lib/application.js:495:20)
    at Object.<anonymous> (/home/ubuntu/nextjs-game-platform/server_enhanced.js:101:5)
TypeError: Missing parameter name at index 1: *; visit https://git.new/pathToRegexpError for info
    at name (/home/ubuntu/nextjs-game-platform/node_modules/path-to-regexp/dist/index.js:96:19)
    at parse (/home/ubuntu/nextjs-game-platform/node_modules/path-to-regexp/dist/index.js:113:68)
    at pathToRegexp (/home/ubuntu/nextjs-game-platform/node_modules/path-to-regexp/dist/index.js:267:58)
    at Object.match (/home/ubuntu/nextjs-game-platform/node_modules/path-to-regexp/dist/index.js:237:30)
    at matcher (/home/ubuntu/nextjs-game-platform/node_modules/router/lib/layer.js:86:23)
    at new Layer (/home/ubuntu/nextjs-game-platform/node_modules/router/lib/layer.js:93:62)
    at Function.route (/home/ubuntu/nextjs-game-platform/node_modules/router/index.js:428:17)
    at Function.route (/home/ubuntu/nextjs-game-platform/node_modules/express/lib/application.js:257:22)
    at Function.all (/home/ubuntu/nextjs-game-platform/node_modules/express/lib/application.js:495:20)
    at Object.<anonymous> (/home/ubuntu/nextjs-game-platform/server_enhanced.js:101:5)
TypeError: Missing parameter name at index 1: *; visit https://git.new/pathToRegexpError for info
    at name (/home/ubuntu/nextjs-game-platform/node_modules/path-to-regexp/dist/index.js:96:19)
    at parse (/home/ubuntu/nextjs-game-platform/node_modules/path-to-regexp/dist/index.js:113:68)
    at pathToRegexp (/home/ubuntu/nextjs-game-platform/node_modules/path-to-regexp/dist/index.js:267:58)
    at Object.match (/home/ubuntu/nextjs-game-platform/node_modules/path-to-regexp/dist/index.js:237:30)
    at matcher (/home/ubuntu/nextjs-game-platform/node_modules/router/lib/layer.js:86:23)
    at new Layer (/home/ubuntu/nextjs-game-platform/node_modules/router/lib/layer.js:93:62)
    at Function.route (/home/ubuntu/nextjs-game-platform/node_modules/router/index.js:428:17)
    at Function.route (/home/ubuntu/nextjs-game-platform/node_modules/express/lib/application.js:257:22)
    at Function.all (/home/ubuntu/nextjs-game-platform/node_modules/express/lib/application.js:495:20)
    at Object.<anonymous> (/home/ubuntu/nextjs-game-platform/server_enhanced.js:101:5)
TypeError: Missing parameter name at index 1: *; visit https://git.new/pathToRegexpError for info
    at name (/home/ubuntu/nextjs-game-platform/node_modules/path-to-regexp/dist/index.js:96:19)
    at parse (/home/ubuntu/nextjs-game-platform/node_modules/path-to-regexp/dist/index.js:113:68)
    at pathToRegexp (/home/ubuntu/nextjs-game-platform/node_modules/path-to-regexp/dist/index.js:267:58)
    at Object.match (/home/ubuntu/nextjs-game-platform/node_modules/path-to-regexp/dist/index.js:237:30)
    at matcher (/home/ubuntu/nextjs-game-platform/node_modules/router/lib/layer.js:86:23)
    at new Layer (/home/ubuntu/nextjs-game-platform/node_modules/router/lib/layer.js:93:62)
    at Function.route (/home/ubuntu/nextjs-game-platform/node_modules/router/index.js:428:17)
    at Function.route (/home/ubuntu/nextjs-game-platform/node_modules/express/lib/application.js:257:22)
    at app.<computed> [as get] (/home/ubuntu/nextjs-game-platform/node_modules/express/lib/application.js:478:22)
    at Object.<anonymous> (/home/ubuntu/nextjs-game-platform/server_enhanced.js:101:5)
TypeError: Missing parameter name at index 1: *; visit https://git.new/pathToRegexpError for info
    at name (/home/ubuntu/nextjs-game-platform/node_modules/path-to-regexp/dist/index.js:96:19)
    at parse (/home/ubuntu/nextjs-game-platform/node_modules/path-to-regexp/dist/index.js:113:68)
    at pathToRegexp (/home/ubuntu/nextjs-game-platform/node_modules/path-to-regexp/dist/index.js:267:58)
    at Object.match (/home/ubuntu/nextjs-game-platform/node_modules/path-to-regexp/dist/index.js:237:30)
    at matcher (/home/ubuntu/nextjs-game-platform/node_modules/router/lib/layer.js:86:23)
    at new Layer (/home/ubuntu/nextjs-game-platform/node_modules/router/lib/layer.js:93:62)
    at Function.route (/home/ubuntu/nextjs-game-platform/node_modules/router/index.js:428:17)
    at Function.route (/home/ubuntu/nextjs-game-platform/node_modules/express/lib/application.js:257:22)
    at app.<computed> [as get] (/home/ubuntu/nextjs-game-platform/node_modules/express/lib/application.js:478:22)
    at Object.<anonymous> (/home/ubuntu/nextjs-game-platform/server_enhanced.js:101:5)
TypeError: Missing parameter name at index 1: *; visit https://git.new/pathToRegexpError for info
    at name (/home/ubuntu/nextjs-game-platform/node_modules/path-to-regexp/dist/index.js:96:19)
    at parse (/home/ubuntu/nextjs-game-platform/node_modules/path-to-regexp/dist/index.js:113:68)
    at pathToRegexp (/home/ubuntu/nextjs-game-platform/node_modules/path-to-regexp/dist/index.js:267:58)
    at Object.match (/home/ubuntu/nextjs-game-platform/node_modules/path-to-regexp/dist/index.js:237:30)
    at matcher (/home/ubuntu/nextjs-game-platform/node_modules/router/lib/layer.js:86:23)
    at new Layer (/home/ubuntu/nextjs-game-platform/node_modules/router/lib/layer.js:93:62)
    at Function.route (/home/ubuntu/nextjs-game-platform/node_modules/router/index.js:428:17)
    at Function.route (/home/ubuntu/nextjs-game-platform/node_modules/express/lib/application.js:257:22)
    at app.<computed> [as get] (/home/ubuntu/nextjs-game-platform/node_modules/express/lib/application.js:478:22)
    at Object.<anonymous> (/home/ubuntu/nextjs-game-platform/server_enhanced.js:101:5)
TypeError: Missing parameter name at index 1: *; visit https://git.new/pathToRegexpError for info
    at name (/home/ubuntu/nextjs-game-platform/node_modules/path-to-regexp/dist/index.js:96:19)
    at parse (/home/ubuntu/nextjs-game-platform/node_modules/path-to-regexp/dist/index.js:113:68)
    at pathToRegexp (/home/ubuntu/nextjs-game-platform/node_modules/path-to-regexp/dist/index.js:267:58)
    at Object.match (/home/ubuntu/nextjs-game-platform/node_modules/path-to-regexp/dist/index.js:237:30)
    at matcher (/home/ubuntu/nextjs-game-platform/node_modules/router/lib/layer.js:86:23)
    at new Layer (/home/ubuntu/nextjs-game-platform/node_modules/router/lib/layer.js:93:62)
    at Function.route (/home/ubuntu/nextjs-game-platform/node_modules/router/index.js:428:17)
    at Function.route (/home/ubuntu/nextjs-game-platform/node_modules/express/lib/application.js:257:22)
    at app.<computed> [as get] (/home/ubuntu/nextjs-game-platform/node_modules/express/lib/application.js:478:22)
    at Object.<anonymous> (/home/ubuntu/nextjs-game-platform/server_enhanced.js:101:5)
TypeError: Missing parameter name at index 1: *; visit https://git.new/pathToRegexpError for info
    at name (/home/ubuntu/nextjs-game-platform/node_modules/path-to-regexp/dist/index.js:96:19)
    at parse (/home/ubuntu/nextjs-game-platform/node_modules/path-to-regexp/dist/index.js:113:68)
    at pathToRegexp (/home/ubuntu/nextjs-game-platform/node_modules/path-to-regexp/dist/index.js:267:58)
    at Object.match (/home/ubuntu/nextjs-game-platform/node_modules/path-to-regexp/dist/index.js:237:30)
    at matcher (/home/ubuntu/nextjs-game-platform/node_modules/router/lib/layer.js:86:23)
    at new Layer (/home/ubuntu/nextjs-game-platform/node_modules/router/lib/layer.js:93:62)
    at Function.route (/home/ubuntu/nextjs-game-platform/node_modules/router/index.js:428:17)
    at Function.route (/home/ubuntu/nextjs-game-platform/node_modules/express/lib/application.js:257:22)
    at app.<computed> [as get] (/home/ubuntu/nextjs-game-platform/node_modules/express/lib/application.js:478:22)
    at Object.<anonymous> (/home/ubuntu/nextjs-game-platform/server_enhanced.js:101:5)
TypeError: Missing parameter name at index 1: *; visit https://git.new/pathToRegexpError for info
    at name (/home/ubuntu/nextjs-game-platform/node_modules/path-to-regexp/dist/index.js:96:19)
    at parse (/home/ubuntu/nextjs-game-platform/node_modules/path-to-regexp/dist/index.js:113:68)
    at pathToRegexp (/home/ubuntu/nextjs-game-platform/node_modules/path-to-regexp/dist/index.js:267:58)
    at Object.match (/home/ubuntu/nextjs-game-platform/node_modules/path-to-regexp/dist/index.js:237:30)
    at matcher (/home/ubuntu/nextjs-game-platform/node_modules/router/lib/layer.js:86:23)
    at new Layer (/home/ubuntu/nextjs-game-platform/node_modules/router/lib/layer.js:93:62)
    at Function.route (/home/ubuntu/nextjs-game-platform/node_modules/router/index.js:428:17)
    at Function.route (/home/ubuntu/nextjs-game-platform/node_modules/express/lib/application.js:257:22)
    at app.<computed> [as get] (/home/ubuntu/nextjs-game-platform/node_modules/express/lib/application.js:478:22)
    at Object.<anonymous> (/home/ubuntu/nextjs-game-platform/server_enhanced.js:101:5)
ReferenceError: next is not defined
    at Object.<anonymous> (/home/ubuntu/nextjs-game-platform/server_enhanced.js:18:17)
    at Module._compile (node:internal/modules/cjs/loader:1364:14)
    at Module._extensions..js (node:internal/modules/cjs/loader:1422:10)
    at Module.load (node:internal/modules/cjs/loader:1203:32)
    at Module._load (node:internal/modules/cjs/loader:1019:12)
    at /usr/lib/node_modules/pm2/lib/ProcessContainer.js:292:27
    at wrapper (/usr/lib/node_modules/pm2/node_modules/async/internal/once.js:12:16)
    at next (/usr/lib/node_modules/pm2/node_modules/async/waterfall.js:96:20)
    at /usr/lib/node_modules/pm2/node_modules/async/internal/onlyOnce.js:12:16
    at WriteStream.<anonymous> (/usr/lib/node_modules/pm2/lib/Utility.js:186:13)
ReferenceError: next is not defined
    at Object.<anonymous> (/home/ubuntu/nextjs-game-platform/server_enhanced.js:18:17)
    at Module._compile (node:internal/modules/cjs/loader:1364:14)
    at Module._extensions..js (node:internal/modules/cjs/loader:1422:10)
    at Module.load (node:internal/modules/cjs/loader:1203:32)
    at Module._load (node:internal/modules/cjs/loader:1019:12)
    at /usr/lib/node_modules/pm2/lib/ProcessContainer.js:292:27
    at wrapper (/usr/lib/node_modules/pm2/node_modules/async/internal/once.js:12:16)
    at next (/usr/lib/node_modules/pm2/node_modules/async/waterfall.js:96:20)
    at /usr/lib/node_modules/pm2/node_modules/async/internal/onlyOnce.js:12:16
    at WriteStream.<anonymous> (/usr/lib/node_modules/pm2/lib/Utility.js:186:13)
ReferenceError: next is not defined
    at Object.<anonymous> (/home/ubuntu/nextjs-game-platform/server_enhanced.js:18:17)
    at Module._compile (node:internal/modules/cjs/loader:1364:14)
    at Module._extensions..js (node:internal/modules/cjs/loader:1422:10)
    at Module.load (node:internal/modules/cjs/loader:1203:32)
    at Module._load (node:internal/modules/cjs/loader:1019:12)
    at /usr/lib/node_modules/pm2/lib/ProcessContainer.js:292:27
    at wrapper (/usr/lib/node_modules/pm2/node_modules/async/internal/once.js:12:16)
    at next (/usr/lib/node_modules/pm2/node_modules/async/waterfall.js:96:20)
    at /usr/lib/node_modules/pm2/node_modules/async/internal/onlyOnce.js:12:16
    at WriteStream.<anonymous> (/usr/lib/node_modules/pm2/lib/Utility.js:186:13)
TypeError: Missing parameter name at index 1: *; visit https://git.new/pathToRegexpError for info
    at name (/home/ubuntu/nextjs-game-platform/node_modules/path-to-regexp/dist/index.js:96:19)
    at parse (/home/ubuntu/nextjs-game-platform/node_modules/path-to-regexp/dist/index.js:113:68)
    at pathToRegexp (/home/ubuntu/nextjs-game-platform/node_modules/path-to-regexp/dist/index.js:267:58)
    at Object.match (/home/ubuntu/nextjs-game-platform/node_modules/path-to-regexp/dist/index.js:237:30)
    at matcher (/home/ubuntu/nextjs-game-platform/node_modules/router/lib/layer.js:86:23)
    at new Layer (/home/ubuntu/nextjs-game-platform/node_modules/router/lib/layer.js:93:62)
    at Function.route (/home/ubuntu/nextjs-game-platform/node_modules/router/index.js:428:17)
    at Function.route (/home/ubuntu/nextjs-game-platform/node_modules/express/lib/application.js:257:22)
    at app.<computed> [as get] (/home/ubuntu/nextjs-game-platform/node_modules/express/lib/application.js:478:22)
    at Object.<anonymous> (/home/ubuntu/nextjs-game-platform/server_enhanced.js:95:5)
TypeError: Missing parameter name at index 1: *; visit https://git.new/pathToRegexpError for info
    at name (/home/ubuntu/nextjs-game-platform/node_modules/path-to-regexp/dist/index.js:96:19)
    at parse (/home/ubuntu/nextjs-game-platform/node_modules/path-to-regexp/dist/index.js:113:68)
    at pathToRegexp (/home/ubuntu/nextjs-game-platform/node_modules/path-to-regexp/dist/index.js:267:58)
    at Object.match (/home/ubuntu/nextjs-game-platform/node_modules/path-to-regexp/dist/index.js:237:30)
    at matcher (/home/ubuntu/nextjs-game-platform/node_modules/router/lib/layer.js:86:23)
    at new Layer (/home/ubuntu/nextjs-game-platform/node_modules/router/lib/layer.js:93:62)
    at Function.route (/home/ubuntu/nextjs-game-platform/node_modules/router/index.js:428:17)
    at Function.route (/home/ubuntu/nextjs-game-platform/node_modules/express/lib/application.js:257:22)
    at app.<computed> [as get] (/home/ubuntu/nextjs-game-platform/node_modules/express/lib/application.js:478:22)
    at Object.<anonymous> (/home/ubuntu/nextjs-game-platform/server_enhanced.js:104:7)
TypeError: Missing parameter name at index 1: *; visit https://git.new/pathToRegexpError for info
    at name (/home/ubuntu/nextjs-game-platform/node_modules/path-to-regexp/dist/index.js:96:19)
    at parse (/home/ubuntu/nextjs-game-platform/node_modules/path-to-regexp/dist/index.js:113:68)
    at pathToRegexp (/home/ubuntu/nextjs-game-platform/node_modules/path-to-regexp/dist/index.js:267:58)
    at Object.match (/home/ubuntu/nextjs-game-platform/node_modules/path-to-regexp/dist/index.js:237:30)
    at matcher (/home/ubuntu/nextjs-game-platform/node_modules/router/lib/layer.js:86:23)
    at new Layer (/home/ubuntu/nextjs-game-platform/node_modules/router/lib/layer.js:93:62)
    at Function.route (/home/ubuntu/nextjs-game-platform/node_modules/router/index.js:428:17)
    at Function.route (/home/ubuntu/nextjs-game-platform/node_modules/express/lib/application.js:257:22)
    at app.<computed> [as get] (/home/ubuntu/nextjs-game-platform/node_modules/express/lib/application.js:478:22)
    at Object.<anonymous> (/home/ubuntu/nextjs-game-platform/server_enhanced.js:104:7)
TypeError: Missing parameter name at index 1: *; visit https://git.new/pathToRegexpError for info
    at name (/home/ubuntu/nextjs-game-platform/node_modules/path-to-regexp/dist/index.js:96:19)
    at parse (/home/ubuntu/nextjs-game-platform/node_modules/path-to-regexp/dist/index.js:113:68)
    at pathToRegexp (/home/ubuntu/nextjs-game-platform/node_modules/path-to-regexp/dist/index.js:267:58)
    at Object.match (/home/ubuntu/nextjs-game-platform/node_modules/path-to-regexp/dist/index.js:237:30)
    at matcher (/home/ubuntu/nextjs-game-platform/node_modules/router/lib/layer.js:86:23)
    at new Layer (/home/ubuntu/nextjs-game-platform/node_modules/router/lib/layer.js:93:62)
    at Function.route (/home/ubuntu/nextjs-game-platform/node_modules/router/index.js:428:17)
    at Function.route (/home/ubuntu/nextjs-game-platform/node_modules/express/lib/application.js:257:22)
    at app.<computed> [as get] (/home/ubuntu/nextjs-game-platform/node_modules/express/lib/application.js:478:22)
    at Object.<anonymous> (/home/ubuntu/nextjs-game-platform/server_enhanced.js:104:7)
TypeError: Missing parameter name at index 1: *; visit https://git.new/pathToRegexpError for info
    at name (/home/ubuntu/nextjs-game-platform/node_modules/path-to-regexp/dist/index.js:96:19)
    at parse (/home/ubuntu/nextjs-game-platform/node_modules/path-to-regexp/dist/index.js:113:68)
    at pathToRegexp (/home/ubuntu/nextjs-game-platform/node_modules/path-to-regexp/dist/index.js:267:58)
    at Object.match (/home/ubuntu/nextjs-game-platform/node_modules/path-to-regexp/dist/index.js:237:30)
    at matcher (/home/ubuntu/nextjs-game-platform/node_modules/router/lib/layer.js:86:23)
    at new Layer (/home/ubuntu/nextjs-game-platform/node_modules/router/lib/layer.js:93:62)
    at Function.route (/home/ubuntu/nextjs-game-platform/node_modules/router/index.js:428:17)
    at Function.route (/home/ubuntu/nextjs-game-platform/node_modules/express/lib/application.js:257:22)
    at app.<computed> [as get] (/home/ubuntu/nextjs-game-platform/node_modules/express/lib/application.js:478:22)
    at Object.<anonymous> (/home/ubuntu/nextjs-game-platform/server_enhanced.js:104:7)
TypeError: Missing parameter name at index 1: *; visit https://git.new/pathToRegexpError for info
    at name (/home/ubuntu/nextjs-game-platform/node_modules/path-to-regexp/dist/index.js:96:19)
    at parse (/home/ubuntu/nextjs-game-platform/node_modules/path-to-regexp/dist/index.js:113:68)
    at pathToRegexp (/home/ubuntu/nextjs-game-platform/node_modules/path-to-regexp/dist/index.js:267:58)
    at Object.match (/home/ubuntu/nextjs-game-platform/node_modules/path-to-regexp/dist/index.js:237:30)
    at matcher (/home/ubuntu/nextjs-game-platform/node_modules/router/lib/layer.js:86:23)
    at new Layer (/home/ubuntu/nextjs-game-platform/node_modules/router/lib/layer.js:93:62)
    at Function.route (/home/ubuntu/nextjs-game-platform/node_modules/router/index.js:428:17)
    at Function.route (/home/ubuntu/nextjs-game-platform/node_modules/express/lib/application.js:257:22)
    at app.<computed> [as get] (/home/ubuntu/nextjs-game-platform/node_modules/express/lib/application.js:478:22)
    at Object.<anonymous> (/home/ubuntu/nextjs-game-platform/server_enhanced.js:104:7)
TypeError: Missing parameter name at index 1: *; visit https://git.new/pathToRegexpError for info
    at name (/home/ubuntu/nextjs-game-platform/node_modules/path-to-regexp/dist/index.js:96:19)
    at parse (/home/ubuntu/nextjs-game-platform/node_modules/path-to-regexp/dist/index.js:113:68)
    at pathToRegexp (/home/ubuntu/nextjs-game-platform/node_modules/path-to-regexp/dist/index.js:267:58)
    at Object.match (/home/ubuntu/nextjs-game-platform/node_modules/path-to-regexp/dist/index.js:237:30)
    at matcher (/home/ubuntu/nextjs-game-platform/node_modules/router/lib/layer.js:86:23)
    at new Layer (/home/ubuntu/nextjs-game-platform/node_modules/router/lib/layer.js:93:62)
    at Function.route (/home/ubuntu/nextjs-game-platform/node_modules/router/index.js:428:17)
    at Function.route (/home/ubuntu/nextjs-game-platform/node_modules/express/lib/application.js:257:22)
    at app.<computed> [as get] (/home/ubuntu/nextjs-game-platform/node_modules/express/lib/application.js:478:22)
    at Object.<anonymous> (/home/ubuntu/nextjs-game-platform/server_enhanced.js:104:7)
TypeError: Missing parameter name at index 1: *; visit https://git.new/pathToRegexpError for info
    at name (/home/ubuntu/nextjs-game-platform/node_modules/path-to-regexp/dist/index.js:96:19)
    at parse (/home/ubuntu/nextjs-game-platform/node_modules/path-to-regexp/dist/index.js:113:68)
    at pathToRegexp (/home/ubuntu/nextjs-game-platform/node_modules/path-to-regexp/dist/index.js:267:58)
    at Object.match (/home/ubuntu/nextjs-game-platform/node_modules/path-to-regexp/dist/index.js:237:30)
    at matcher (/home/ubuntu/nextjs-game-platform/node_modules/router/lib/layer.js:86:23)
    at new Layer (/home/ubuntu/nextjs-game-platform/node_modules/router/lib/layer.js:93:62)
    at Function.route (/home/ubuntu/nextjs-game-platform/node_modules/router/index.js:428:17)
    at Function.route (/home/ubuntu/nextjs-game-platform/node_modules/express/lib/application.js:257:22)
    at app.<computed> [as get] (/home/ubuntu/nextjs-game-platform/node_modules/express/lib/application.js:478:22)
    at Object.<anonymous> (/home/ubuntu/nextjs-game-platform/server_enhanced.js:104:7)
TypeError: Missing parameter name at index 1: *; visit https://git.new/pathToRegexpError for info
    at name (/home/ubuntu/nextjs-game-platform/node_modules/path-to-regexp/dist/index.js:96:19)
    at parse (/home/ubuntu/nextjs-game-platform/node_modules/path-to-regexp/dist/index.js:113:68)
    at pathToRegexp (/home/ubuntu/nextjs-game-platform/node_modules/path-to-regexp/dist/index.js:267:58)
    at Object.match (/home/ubuntu/nextjs-game-platform/node_modules/path-to-regexp/dist/index.js:237:30)
    at matcher (/home/ubuntu/nextjs-game-platform/node_modules/router/lib/layer.js:86:23)
    at new Layer (/home/ubuntu/nextjs-game-platform/node_modules/router/lib/layer.js:93:62)
    at Function.route (/home/ubuntu/nextjs-game-platform/node_modules/router/index.js:428:17)
    at Function.route (/home/ubuntu/nextjs-game-platform/node_modules/express/lib/application.js:257:22)
    at app.<computed> [as get] (/home/ubuntu/nextjs-game-platform/node_modules/express/lib/application.js:478:22)
    at Object.<anonymous> (/home/ubuntu/nextjs-game-platform/server_enhanced.js:104:7)
TypeError: Missing parameter name at index 1: *; visit https://git.new/pathToRegexpError for info
    at name (/home/ubuntu/nextjs-game-platform/node_modules/path-to-regexp/dist/index.js:96:19)
    at parse (/home/ubuntu/nextjs-game-platform/node_modules/path-to-regexp/dist/index.js:113:68)
    at pathToRegexp (/home/ubuntu/nextjs-game-platform/node_modules/path-to-regexp/dist/index.js:267:58)
    at Object.match (/home/ubuntu/nextjs-game-platform/node_modules/path-to-regexp/dist/index.js:237:30)
    at matcher (/home/ubuntu/nextjs-game-platform/node_modules/router/lib/layer.js:86:23)
    at new Layer (/home/ubuntu/nextjs-game-platform/node_modules/router/lib/layer.js:93:62)
    at Function.route (/home/ubuntu/nextjs-game-platform/node_modules/router/index.js:428:17)
    at Function.route (/home/ubuntu/nextjs-game-platform/node_modules/express/lib/application.js:257:22)
    at app.<computed> [as get] (/home/ubuntu/nextjs-game-platform/node_modules/express/lib/application.js:478:22)
    at Object.<anonymous> (/home/ubuntu/nextjs-game-platform/server_enhanced.js:104:7)
TypeError: Missing parameter name at index 1: *; visit https://git.new/pathToRegexpError for info
    at name (/home/ubuntu/nextjs-game-platform/node_modules/path-to-regexp/dist/index.js:96:19)
    at parse (/home/ubuntu/nextjs-game-platform/node_modules/path-to-regexp/dist/index.js:113:68)
    at pathToRegexp (/home/ubuntu/nextjs-game-platform/node_modules/path-to-regexp/dist/index.js:267:58)
    at Object.match (/home/ubuntu/nextjs-game-platform/node_modules/path-to-regexp/dist/index.js:237:30)
    at matcher (/home/ubuntu/nextjs-game-platform/node_modules/router/lib/layer.js:86:23)
    at new Layer (/home/ubuntu/nextjs-game-platform/node_modules/router/lib/layer.js:93:62)
    at Function.route (/home/ubuntu/nextjs-game-platform/node_modules/router/index.js:428:17)
    at Function.route (/home/ubuntu/nextjs-game-platform/node_modules/express/lib/application.js:257:22)
    at app.<computed> [as get] (/home/ubuntu/nextjs-game-platform/node_modules/express/lib/application.js:478:22)
    at Object.<anonymous> (/home/ubuntu/nextjs-game-platform/server_enhanced.js:104:7)
TypeError: Missing parameter name at index 1: *; visit https://git.new/pathToRegexpError for info
    at name (/home/ubuntu/nextjs-game-platform/node_modules/path-to-regexp/dist/index.js:96:19)
    at parse (/home/ubuntu/nextjs-game-platform/node_modules/path-to-regexp/dist/index.js:113:68)
    at pathToRegexp (/home/ubuntu/nextjs-game-platform/node_modules/path-to-regexp/dist/index.js:267:58)
    at Object.match (/home/ubuntu/nextjs-game-platform/node_modules/path-to-regexp/dist/index.js:237:30)
    at matcher (/home/ubuntu/nextjs-game-platform/node_modules/router/lib/layer.js:86:23)
    at new Layer (/home/ubuntu/nextjs-game-platform/node_modules/router/lib/layer.js:93:62)
    at Function.route (/home/ubuntu/nextjs-game-platform/node_modules/router/index.js:428:17)
    at Function.route (/home/ubuntu/nextjs-game-platform/node_modules/express/lib/application.js:257:22)
    at app.<computed> [as get] (/home/ubuntu/nextjs-game-platform/node_modules/express/lib/application.js:478:22)
    at Object.<anonymous> (/home/ubuntu/nextjs-game-platform/server_enhanced.js:2968:7)
TypeError: Missing parameter name at index 1: *; visit https://git.new/pathToRegexpError for info
    at name (/home/ubuntu/nextjs-game-platform/node_modules/path-to-regexp/dist/index.js:96:19)
    at parse (/home/ubuntu/nextjs-game-platform/node_modules/path-to-regexp/dist/index.js:113:68)
    at pathToRegexp (/home/ubuntu/nextjs-game-platform/node_modules/path-to-regexp/dist/index.js:267:58)
    at Object.match (/home/ubuntu/nextjs-game-platform/node_modules/path-to-regexp/dist/index.js:237:30)
    at matcher (/home/ubuntu/nextjs-game-platform/node_modules/router/lib/layer.js:86:23)
    at new Layer (/home/ubuntu/nextjs-game-platform/node_modules/router/lib/layer.js:93:62)
    at Function.route (/home/ubuntu/nextjs-game-platform/node_modules/router/index.js:428:17)
    at Function.route (/home/ubuntu/nextjs-game-platform/node_modules/express/lib/application.js:257:22)
    at app.<computed> [as get] (/home/ubuntu/nextjs-game-platform/node_modules/express/lib/application.js:478:22)
    at Object.<anonymous> (/home/ubuntu/nextjs-game-platform/server_enhanced.js:2968:7)
TypeError: Missing parameter name at index 1: *; visit https://git.new/pathToRegexpError for info
    at name (/home/ubuntu/nextjs-game-platform/node_modules/path-to-regexp/dist/index.js:96:19)
    at parse (/home/ubuntu/nextjs-game-platform/node_modules/path-to-regexp/dist/index.js:113:68)
    at pathToRegexp (/home/ubuntu/nextjs-game-platform/node_modules/path-to-regexp/dist/index.js:267:58)
    at Object.match (/home/ubuntu/nextjs-game-platform/node_modules/path-to-regexp/dist/index.js:237:30)
    at matcher (/home/ubuntu/nextjs-game-platform/node_modules/router/lib/layer.js:86:23)
    at new Layer (/home/ubuntu/nextjs-game-platform/node_modules/router/lib/layer.js:93:62)
    at Function.route (/home/ubuntu/nextjs-game-platform/node_modules/router/index.js:428:17)
    at Function.route (/home/ubuntu/nextjs-game-platform/node_modules/express/lib/application.js:257:22)
    at app.<computed> [as get] (/home/ubuntu/nextjs-game-platform/node_modules/express/lib/application.js:478:22)
    at Object.<anonymous> (/home/ubuntu/nextjs-game-platform/server_enhanced.js:2968:7)
TypeError: Missing parameter name at index 1: *; visit https://git.new/pathToRegexpError for info
    at name (/home/ubuntu/nextjs-game-platform/node_modules/path-to-regexp/dist/index.js:96:19)
    at parse (/home/ubuntu/nextjs-game-platform/node_modules/path-to-regexp/dist/index.js:113:68)
    at pathToRegexp (/home/ubuntu/nextjs-game-platform/node_modules/path-to-regexp/dist/index.js:267:58)
    at Object.match (/home/ubuntu/nextjs-game-platform/node_modules/path-to-regexp/dist/index.js:237:30)
    at matcher (/home/ubuntu/nextjs-game-platform/node_modules/router/lib/layer.js:86:23)
    at new Layer (/home/ubuntu/nextjs-game-platform/node_modules/router/lib/layer.js:93:62)
    at Function.route (/home/ubuntu/nextjs-game-platform/node_modules/router/index.js:428:17)
    at Function.route (/home/ubuntu/nextjs-game-platform/node_modules/express/lib/application.js:257:22)
    at app.<computed> [as get] (/home/ubuntu/nextjs-game-platform/node_modules/express/lib/application.js:478:22)
    at Object.<anonymous> (/home/ubuntu/nextjs-game-platform/server_enhanced.js:2968:7)
TypeError: Missing parameter name at index 1: *; visit https://git.new/pathToRegexpError for info
    at name (/home/ubuntu/nextjs-game-platform/node_modules/path-to-regexp/dist/index.js:96:19)
    at parse (/home/ubuntu/nextjs-game-platform/node_modules/path-to-regexp/dist/index.js:113:68)
    at pathToRegexp (/home/ubuntu/nextjs-game-platform/node_modules/path-to-regexp/dist/index.js:267:58)
    at Object.match (/home/ubuntu/nextjs-game-platform/node_modules/path-to-regexp/dist/index.js:237:30)
    at matcher (/home/ubuntu/nextjs-game-platform/node_modules/router/lib/layer.js:86:23)
    at new Layer (/home/ubuntu/nextjs-game-platform/node_modules/router/lib/layer.js:93:62)
    at Function.route (/home/ubuntu/nextjs-game-platform/node_modules/router/index.js:428:17)
    at Function.route (/home/ubuntu/nextjs-game-platform/node_modules/express/lib/application.js:257:22)
    at app.<computed> [as get] (/home/ubuntu/nextjs-game-platform/node_modules/express/lib/application.js:478:22)
    at Object.<anonymous> (/home/ubuntu/nextjs-game-platform/server_enhanced.js:2968:7)
TypeError: Missing parameter name at index 1: *; visit https://git.new/pathToRegexpError for info
    at name (/home/ubuntu/nextjs-game-platform/node_modules/path-to-regexp/dist/index.js:96:19)
    at parse (/home/ubuntu/nextjs-game-platform/node_modules/path-to-regexp/dist/index.js:113:68)
    at pathToRegexp (/home/ubuntu/nextjs-game-platform/node_modules/path-to-regexp/dist/index.js:267:58)
    at Object.match (/home/ubuntu/nextjs-game-platform/node_modules/path-to-regexp/dist/index.js:237:30)
    at matcher (/home/ubuntu/nextjs-game-platform/node_modules/router/lib/layer.js:86:23)
    at new Layer (/home/ubuntu/nextjs-game-platform/node_modules/router/lib/layer.js:93:62)
    at Function.route (/home/ubuntu/nextjs-game-platform/node_modules/router/index.js:428:17)
    at Function.route (/home/ubuntu/nextjs-game-platform/node_modules/express/lib/application.js:257:22)
    at app.<computed> [as get] (/home/ubuntu/nextjs-game-platform/node_modules/express/lib/application.js:478:22)
    at Object.<anonymous> (/home/ubuntu/nextjs-game-platform/server_enhanced.js:2968:7)
TypeError: Missing parameter name at index 1: *; visit https://git.new/pathToRegexpError for info
    at name (/home/ubuntu/nextjs-game-platform/node_modules/path-to-regexp/dist/index.js:96:19)
    at parse (/home/ubuntu/nextjs-game-platform/node_modules/path-to-regexp/dist/index.js:113:68)
    at pathToRegexp (/home/ubuntu/nextjs-game-platform/node_modules/path-to-regexp/dist/index.js:267:58)
    at Object.match (/home/ubuntu/nextjs-game-platform/node_modules/path-to-regexp/dist/index.js:237:30)
    at matcher (/home/ubuntu/nextjs-game-platform/node_modules/router/lib/layer.js:86:23)
    at new Layer (/home/ubuntu/nextjs-game-platform/node_modules/router/lib/layer.js:93:62)
    at Function.route (/home/ubuntu/nextjs-game-platform/node_modules/router/index.js:428:17)
    at Function.route (/home/ubuntu/nextjs-game-platform/node_modules/express/lib/application.js:257:22)
    at app.<computed> [as get] (/home/ubuntu/nextjs-game-platform/node_modules/express/lib/application.js:478:22)
    at Object.<anonymous> (/home/ubuntu/nextjs-game-platform/server_enhanced.js:2968:7)
TypeError: Missing parameter name at index 1: *; visit https://git.new/pathToRegexpError for info
    at name (/home/ubuntu/nextjs-game-platform/node_modules/path-to-regexp/dist/index.js:96:19)
    at parse (/home/ubuntu/nextjs-game-platform/node_modules/path-to-regexp/dist/index.js:113:68)
    at pathToRegexp (/home/ubuntu/nextjs-game-platform/node_modules/path-to-regexp/dist/index.js:267:58)
    at Object.match (/home/ubuntu/nextjs-game-platform/node_modules/path-to-regexp/dist/index.js:237:30)
    at matcher (/home/ubuntu/nextjs-game-platform/node_modules/router/lib/layer.js:86:23)
    at new Layer (/home/ubuntu/nextjs-game-platform/node_modules/router/lib/layer.js:93:62)
    at Function.route (/home/ubuntu/nextjs-game-platform/node_modules/router/index.js:428:17)
    at Function.route (/home/ubuntu/nextjs-game-platform/node_modules/express/lib/application.js:257:22)
    at app.<computed> [as get] (/home/ubuntu/nextjs-game-platform/node_modules/express/lib/application.js:478:22)
    at Object.<anonymous> (/home/ubuntu/nextjs-game-platform/server_enhanced.js:2968:7)
TypeError: Missing parameter name at index 1: *; visit https://git.new/pathToRegexpError for info
    at name (/home/ubuntu/nextjs-game-platform/node_modules/path-to-regexp/dist/index.js:96:19)
    at parse (/home/ubuntu/nextjs-game-platform/node_modules/path-to-regexp/dist/index.js:113:68)
    at pathToRegexp (/home/ubuntu/nextjs-game-platform/node_modules/path-to-regexp/dist/index.js:267:58)
    at Object.match (/home/ubuntu/nextjs-game-platform/node_modules/path-to-regexp/dist/index.js:237:30)
    at matcher (/home/ubuntu/nextjs-game-platform/node_modules/router/lib/layer.js:86:23)
    at new Layer (/home/ubuntu/nextjs-game-platform/node_modules/router/lib/layer.js:93:62)
    at Function.route (/home/ubuntu/nextjs-game-platform/node_modules/router/index.js:428:17)
    at Function.route (/home/ubuntu/nextjs-game-platform/node_modules/express/lib/application.js:257:22)
    at app.<computed> [as get] (/home/ubuntu/nextjs-game-platform/node_modules/express/lib/application.js:478:22)
    at Object.<anonymous> (/home/ubuntu/nextjs-game-platform/server_enhanced.js:2968:7)
TypeError: Missing parameter name at index 1: *; visit https://git.new/pathToRegexpError for info
    at name (/home/ubuntu/nextjs-game-platform/node_modules/path-to-regexp/dist/index.js:96:19)
    at parse (/home/ubuntu/nextjs-game-platform/node_modules/path-to-regexp/dist/index.js:113:68)
    at pathToRegexp (/home/ubuntu/nextjs-game-platform/node_modules/path-to-regexp/dist/index.js:267:58)
    at Object.match (/home/ubuntu/nextjs-game-platform/node_modules/path-to-regexp/dist/index.js:237:30)
    at matcher (/home/ubuntu/nextjs-game-platform/node_modules/router/lib/layer.js:86:23)
    at new Layer (/home/ubuntu/nextjs-game-platform/node_modules/router/lib/layer.js:93:62)
    at Function.route (/home/ubuntu/nextjs-game-platform/node_modules/router/index.js:428:17)
    at Function.route (/home/ubuntu/nextjs-game-platform/node_modules/express/lib/application.js:257:22)
    at app.<computed> [as get] (/home/ubuntu/nextjs-game-platform/node_modules/express/lib/application.js:478:22)
    at Object.<anonymous> (/home/ubuntu/nextjs-game-platform/server_enhanced.js:2968:7)
TypeError: Missing parameter name at index 1: *; visit https://git.new/pathToRegexpError for info
    at name (/home/ubuntu/nextjs-game-platform/node_modules/path-to-regexp/dist/index.js:96:19)
    at parse (/home/ubuntu/nextjs-game-platform/node_modules/path-to-regexp/dist/index.js:113:68)
    at pathToRegexp (/home/ubuntu/nextjs-game-platform/node_modules/path-to-regexp/dist/index.js:267:58)
    at Object.match (/home/ubuntu/nextjs-game-platform/node_modules/path-to-regexp/dist/index.js:237:30)
    at matcher (/home/ubuntu/nextjs-game-platform/node_modules/router/lib/layer.js:86:23)
    at new Layer (/home/ubuntu/nextjs-game-platform/node_modules/router/lib/layer.js:93:62)
    at Function.route (/home/ubuntu/nextjs-game-platform/node_modules/router/index.js:428:17)
    at Function.route (/home/ubuntu/nextjs-game-platform/node_modules/express/lib/application.js:257:22)
    at app.<computed> [as get] (/home/ubuntu/nextjs-game-platform/node_modules/express/lib/application.js:478:22)
    at Object.<anonymous> (/home/ubuntu/nextjs-game-platform/server_enhanced.js:2968:7)
TypeError: Missing parameter name at index 1: *; visit https://git.new/pathToRegexpError for info
    at name (/home/ubuntu/nextjs-game-platform/node_modules/path-to-regexp/dist/index.js:96:19)
    at parse (/home/ubuntu/nextjs-game-platform/node_modules/path-to-regexp/dist/index.js:113:68)
    at pathToRegexp (/home/ubuntu/nextjs-game-platform/node_modules/path-to-regexp/dist/index.js:267:58)
    at Object.match (/home/ubuntu/nextjs-game-platform/node_modules/path-to-regexp/dist/index.js:237:30)
    at matcher (/home/ubuntu/nextjs-game-platform/node_modules/router/lib/layer.js:86:23)
    at new Layer (/home/ubuntu/nextjs-game-platform/node_modules/router/lib/layer.js:93:62)
    at Function.route (/home/ubuntu/nextjs-game-platform/node_modules/router/index.js:428:17)
    at Function.route (/home/ubuntu/nextjs-game-platform/node_modules/express/lib/application.js:257:22)
    at app.<computed> [as get] (/home/ubuntu/nextjs-game-platform/node_modules/express/lib/application.js:478:22)
    at Object.<anonymous> (/home/ubuntu/nextjs-game-platform/server_enhanced.js:2968:7)
TypeError: Missing parameter name at index 1: *; visit https://git.new/pathToRegexpError for info
    at name (/home/ubuntu/nextjs-game-platform/node_modules/path-to-regexp/dist/index.js:96:19)
    at parse (/home/ubuntu/nextjs-game-platform/node_modules/path-to-regexp/dist/index.js:113:68)
    at pathToRegexp (/home/ubuntu/nextjs-game-platform/node_modules/path-to-regexp/dist/index.js:267:58)
    at Object.match (/home/ubuntu/nextjs-game-platform/node_modules/path-to-regexp/dist/index.js:237:30)
    at matcher (/home/ubuntu/nextjs-game-platform/node_modules/router/lib/layer.js:86:23)
    at new Layer (/home/ubuntu/nextjs-game-platform/node_modules/router/lib/layer.js:93:62)
    at Function.route (/home/ubuntu/nextjs-game-platform/node_modules/router/index.js:428:17)
    at Function.route (/home/ubuntu/nextjs-game-platform/node_modules/express/lib/application.js:257:22)
    at app.<computed> [as get] (/home/ubuntu/nextjs-game-platform/node_modules/express/lib/application.js:478:22)
    at Object.<anonymous> (/home/ubuntu/nextjs-game-platform/server_enhanced.js:2968:7)
TypeError: Missing parameter name at index 1: *; visit https://git.new/pathToRegexpError for info
    at name (/home/ubuntu/nextjs-game-platform/node_modules/path-to-regexp/dist/index.js:96:19)
    at parse (/home/ubuntu/nextjs-game-platform/node_modules/path-to-regexp/dist/index.js:113:68)
    at pathToRegexp (/home/ubuntu/nextjs-game-platform/node_modules/path-to-regexp/dist/index.js:267:58)
    at Object.match (/home/ubuntu/nextjs-game-platform/node_modules/path-to-regexp/dist/index.js:237:30)
    at matcher (/home/ubuntu/nextjs-game-platform/node_modules/router/lib/layer.js:86:23)
    at new Layer (/home/ubuntu/nextjs-game-platform/node_modules/router/lib/layer.js:93:62)
    at Function.route (/home/ubuntu/nextjs-game-platform/node_modules/router/index.js:428:17)
    at Function.route (/home/ubuntu/nextjs-game-platform/node_modules/express/lib/application.js:257:22)
    at app.<computed> [as get] (/home/ubuntu/nextjs-game-platform/node_modules/express/lib/application.js:478:22)
    at Object.<anonymous> (/home/ubuntu/nextjs-game-platform/server_enhanced.js:2968:7)
TypeError: Missing parameter name at index 1: *; visit https://git.new/pathToRegexpError for info
    at name (/home/ubuntu/nextjs-game-platform/node_modules/path-to-regexp/dist/index.js:96:19)
    at parse (/home/ubuntu/nextjs-game-platform/node_modules/path-to-regexp/dist/index.js:113:68)
    at pathToRegexp (/home/ubuntu/nextjs-game-platform/node_modules/path-to-regexp/dist/index.js:267:58)
    at Object.match (/home/ubuntu/nextjs-game-platform/node_modules/path-to-regexp/dist/index.js:237:30)
    at matcher (/home/ubuntu/nextjs-game-platform/node_modules/router/lib/layer.js:86:23)
    at new Layer (/home/ubuntu/nextjs-game-platform/node_modules/router/lib/layer.js:93:62)
    at Function.route (/home/ubuntu/nextjs-game-platform/node_modules/router/index.js:428:17)
    at Function.route (/home/ubuntu/nextjs-game-platform/node_modules/express/lib/application.js:257:22)
    at app.<computed> [as get] (/home/ubuntu/nextjs-game-platform/node_modules/express/lib/application.js:478:22)
    at Object.<anonymous> (/home/ubuntu/nextjs-game-platform/server_enhanced.js:2968:7)
TypeError: Missing parameter name at index 1: *; visit https://git.new/pathToRegexpError for info
    at name (/home/ubuntu/nextjs-game-platform/node_modules/path-to-regexp/dist/index.js:96:19)
    at parse (/home/ubuntu/nextjs-game-platform/node_modules/path-to-regexp/dist/index.js:113:68)
    at pathToRegexp (/home/ubuntu/nextjs-game-platform/node_modules/path-to-regexp/dist/index.js:267:58)
    at Object.match (/home/ubuntu/nextjs-game-platform/node_modules/path-to-regexp/dist/index.js:237:30)
    at matcher (/home/ubuntu/nextjs-game-platform/node_modules/router/lib/layer.js:86:23)
    at new Layer (/home/ubuntu/nextjs-game-platform/node_modules/router/lib/layer.js:93:62)
    at Function.route (/home/ubuntu/nextjs-game-platform/node_modules/router/index.js:428:17)
    at Function.route (/home/ubuntu/nextjs-game-platform/node_modules/express/lib/application.js:257:22)
    at app.<computed> [as get] (/home/ubuntu/nextjs-game-platform/node_modules/express/lib/application.js:478:22)
    at Object.<anonymous> (/home/ubuntu/nextjs-game-platform/server_enhanced.js:2968:7)
TypeError: Missing parameter name at index 1: *; visit https://git.new/pathToRegexpError for info
    at name (/home/ubuntu/nextjs-game-platform/node_modules/path-to-regexp/dist/index.js:96:19)
    at parse (/home/ubuntu/nextjs-game-platform/node_modules/path-to-regexp/dist/index.js:113:68)
    at pathToRegexp (/home/ubuntu/nextjs-game-platform/node_modules/path-to-regexp/dist/index.js:267:58)
    at Object.match (/home/ubuntu/nextjs-game-platform/node_modules/path-to-regexp/dist/index.js:237:30)
    at matcher (/home/ubuntu/nextjs-game-platform/node_modules/router/lib/layer.js:86:23)
    at new Layer (/home/ubuntu/nextjs-game-platform/node_modules/router/lib/layer.js:93:62)
    at Function.route (/home/ubuntu/nextjs-game-platform/node_modules/router/index.js:428:17)
    at Function.route (/home/ubuntu/nextjs-game-platform/node_modules/express/lib/application.js:257:22)
    at app.<computed> [as get] (/home/ubuntu/nextjs-game-platform/node_modules/express/lib/application.js:478:22)
    at Object.<anonymous> (/home/ubuntu/nextjs-game-platform/server_enhanced.js:2968:7)
TypeError: Missing parameter name at index 1: *; visit https://git.new/pathToRegexpError for info
    at name (/home/ubuntu/nextjs-game-platform/node_modules/path-to-regexp/dist/index.js:96:19)
    at parse (/home/ubuntu/nextjs-game-platform/node_modules/path-to-regexp/dist/index.js:113:68)
    at pathToRegexp (/home/ubuntu/nextjs-game-platform/node_modules/path-to-regexp/dist/index.js:267:58)
    at Object.match (/home/ubuntu/nextjs-game-platform/node_modules/path-to-regexp/dist/index.js:237:30)
    at matcher (/home/ubuntu/nextjs-game-platform/node_modules/router/lib/layer.js:86:23)
    at new Layer (/home/ubuntu/nextjs-game-platform/node_modules/router/lib/layer.js:93:62)
    at Function.route (/home/ubuntu/nextjs-game-platform/node_modules/router/index.js:428:17)
    at Function.route (/home/ubuntu/nextjs-game-platform/node_modules/express/lib/application.js:257:22)
    at app.<computed> [as get] (/home/ubuntu/nextjs-game-platform/node_modules/express/lib/application.js:478:22)
    at Object.<anonymous> (/home/ubuntu/nextjs-game-platform/server_enhanced.js:2968:7)
TypeError: Missing parameter name at index 1: *; visit https://git.new/pathToRegexpError for info
    at name (/home/ubuntu/nextjs-game-platform/node_modules/path-to-regexp/dist/index.js:96:19)
    at parse (/home/ubuntu/nextjs-game-platform/node_modules/path-to-regexp/dist/index.js:113:68)
    at pathToRegexp (/home/ubuntu/nextjs-game-platform/node_modules/path-to-regexp/dist/index.js:267:58)
    at Object.match (/home/ubuntu/nextjs-game-platform/node_modules/path-to-regexp/dist/index.js:237:30)
    at matcher (/home/ubuntu/nextjs-game-platform/node_modules/router/lib/layer.js:86:23)
    at new Layer (/home/ubuntu/nextjs-game-platform/node_modules/router/lib/layer.js:93:62)
    at Function.route (/home/ubuntu/nextjs-game-platform/node_modules/router/index.js:428:17)
    at Function.route (/home/ubuntu/nextjs-game-platform/node_modules/express/lib/application.js:257:22)
    at app.<computed> [as get] (/home/ubuntu/nextjs-game-platform/node_modules/express/lib/application.js:478:22)
    at Object.<anonymous> (/home/ubuntu/nextjs-game-platform/server_enhanced.js:2968:7)
TypeError: Missing parameter name at index 1: *; visit https://git.new/pathToRegexpError for info
    at name (/home/ubuntu/nextjs-game-platform/node_modules/path-to-regexp/dist/index.js:96:19)
    at parse (/home/ubuntu/nextjs-game-platform/node_modules/path-to-regexp/dist/index.js:113:68)
    at pathToRegexp (/home/ubuntu/nextjs-game-platform/node_modules/path-to-regexp/dist/index.js:267:58)
    at Object.match (/home/ubuntu/nextjs-game-platform/node_modules/path-to-regexp/dist/index.js:237:30)
    at matcher (/home/ubuntu/nextjs-game-platform/node_modules/router/lib/layer.js:86:23)
    at new Layer (/home/ubuntu/nextjs-game-platform/node_modules/router/lib/layer.js:93:62)
    at Function.route (/home/ubuntu/nextjs-game-platform/node_modules/router/index.js:428:17)
    at Function.route (/home/ubuntu/nextjs-game-platform/node_modules/express/lib/application.js:257:22)
    at app.<computed> [as get] (/home/ubuntu/nextjs-game-platform/node_modules/express/lib/application.js:478:22)
    at Object.<anonymous> (/home/ubuntu/nextjs-game-platform/server_enhanced.js:2968:7)
TypeError: Missing parameter name at index 1: *; visit https://git.new/pathToRegexpError for info
    at name (/home/ubuntu/nextjs-game-platform/node_modules/path-to-regexp/dist/index.js:96:19)
    at parse (/home/ubuntu/nextjs-game-platform/node_modules/path-to-regexp/dist/index.js:113:68)
    at pathToRegexp (/home/ubuntu/nextjs-game-platform/node_modules/path-to-regexp/dist/index.js:267:58)
    at Object.match (/home/ubuntu/nextjs-game-platform/node_modules/path-to-regexp/dist/index.js:237:30)
    at matcher (/home/ubuntu/nextjs-game-platform/node_modules/router/lib/layer.js:86:23)
    at new Layer (/home/ubuntu/nextjs-game-platform/node_modules/router/lib/layer.js:93:62)
    at Function.route (/home/ubuntu/nextjs-game-platform/node_modules/router/index.js:428:17)
    at Function.route (/home/ubuntu/nextjs-game-platform/node_modules/express/lib/application.js:257:22)
    at app.<computed> [as get] (/home/ubuntu/nextjs-game-platform/node_modules/express/lib/application.js:478:22)
    at Object.<anonymous> (/home/ubuntu/nextjs-game-platform/server_enhanced.js:2968:7)
TypeError: Missing parameter name at index 1: *; visit https://git.new/pathToRegexpError for info
    at name (/home/ubuntu/nextjs-game-platform/node_modules/path-to-regexp/dist/index.js:96:19)
    at parse (/home/ubuntu/nextjs-game-platform/node_modules/path-to-regexp/dist/index.js:113:68)
    at pathToRegexp (/home/ubuntu/nextjs-game-platform/node_modules/path-to-regexp/dist/index.js:267:58)
    at Object.match (/home/ubuntu/nextjs-game-platform/node_modules/path-to-regexp/dist/index.js:237:30)
    at matcher (/home/ubuntu/nextjs-game-platform/node_modules/router/lib/layer.js:86:23)
    at new Layer (/home/ubuntu/nextjs-game-platform/node_modules/router/lib/layer.js:93:62)
    at Function.route (/home/ubuntu/nextjs-game-platform/node_modules/router/index.js:428:17)
    at Function.route (/home/ubuntu/nextjs-game-platform/node_modules/express/lib/application.js:257:22)
    at app.<computed> [as get] (/home/ubuntu/nextjs-game-platform/node_modules/express/lib/application.js:478:22)
    at Object.<anonymous> (/home/ubuntu/nextjs-game-platform/server_enhanced.js:2968:7)
TypeError: Missing parameter name at index 1: *; visit https://git.new/pathToRegexpError for info
    at name (/home/ubuntu/nextjs-game-platform/node_modules/path-to-regexp/dist/index.js:96:19)
    at parse (/home/ubuntu/nextjs-game-platform/node_modules/path-to-regexp/dist/index.js:113:68)
    at pathToRegexp (/home/ubuntu/nextjs-game-platform/node_modules/path-to-regexp/dist/index.js:267:58)
    at Object.match (/home/ubuntu/nextjs-game-platform/node_modules/path-to-regexp/dist/index.js:237:30)
    at matcher (/home/ubuntu/nextjs-game-platform/node_modules/router/lib/layer.js:86:23)
    at new Layer (/home/ubuntu/nextjs-game-platform/node_modules/router/lib/layer.js:93:62)
    at Function.route (/home/ubuntu/nextjs-game-platform/node_modules/router/index.js:428:17)
    at Function.route (/home/ubuntu/nextjs-game-platform/node_modules/express/lib/application.js:257:22)
    at app.<computed> [as get] (/home/ubuntu/nextjs-game-platform/node_modules/express/lib/application.js:478:22)
    at Object.<anonymous> (/home/ubuntu/nextjs-game-platform/server_enhanced.js:2968:7)
TypeError: Missing parameter name at index 1: *; visit https://git.new/pathToRegexpError for info
    at name (/home/ubuntu/nextjs-game-platform/node_modules/path-to-regexp/dist/index.js:96:19)
    at parse (/home/ubuntu/nextjs-game-platform/node_modules/path-to-regexp/dist/index.js:113:68)
    at pathToRegexp (/home/ubuntu/nextjs-game-platform/node_modules/path-to-regexp/dist/index.js:267:58)
    at Object.match (/home/ubuntu/nextjs-game-platform/node_modules/path-to-regexp/dist/index.js:237:30)
    at matcher (/home/ubuntu/nextjs-game-platform/node_modules/router/lib/layer.js:86:23)
    at new Layer (/home/ubuntu/nextjs-game-platform/node_modules/router/lib/layer.js:93:62)
    at Function.route (/home/ubuntu/nextjs-game-platform/node_modules/router/index.js:428:17)
    at Function.route (/home/ubuntu/nextjs-game-platform/node_modules/express/lib/application.js:257:22)
    at app.<computed> [as get] (/home/ubuntu/nextjs-game-platform/node_modules/express/lib/application.js:478:22)
    at Object.<anonymous> (/home/ubuntu/nextjs-game-platform/server_enhanced.js:2968:7)
TypeError: Missing parameter name at index 1: *; visit https://git.new/pathToRegexpError for info
    at name (/home/ubuntu/nextjs-game-platform/node_modules/path-to-regexp/dist/index.js:96:19)
    at parse (/home/ubuntu/nextjs-game-platform/node_modules/path-to-regexp/dist/index.js:113:68)
    at pathToRegexp (/home/ubuntu/nextjs-game-platform/node_modules/path-to-regexp/dist/index.js:267:58)
    at Object.match (/home/ubuntu/nextjs-game-platform/node_modules/path-to-regexp/dist/index.js:237:30)
    at matcher (/home/ubuntu/nextjs-game-platform/node_modules/router/lib/layer.js:86:23)
    at new Layer (/home/ubuntu/nextjs-game-platform/node_modules/router/lib/layer.js:93:62)
    at Function.route (/home/ubuntu/nextjs-game-platform/node_modules/router/index.js:428:17)
    at Function.route (/home/ubuntu/nextjs-game-platform/node_modules/express/lib/application.js:257:22)
    at app.<computed> [as get] (/home/ubuntu/nextjs-game-platform/node_modules/express/lib/application.js:478:22)
    at Object.<anonymous> (/home/ubuntu/nextjs-game-platform/server_enhanced.js:2968:7)
TypeError: Missing parameter name at index 1: *; visit https://git.new/pathToRegexpError for info
    at name (/home/ubuntu/nextjs-game-platform/node_modules/path-to-regexp/dist/index.js:96:19)
    at parse (/home/ubuntu/nextjs-game-platform/node_modules/path-to-regexp/dist/index.js:113:68)
    at pathToRegexp (/home/ubuntu/nextjs-game-platform/node_modules/path-to-regexp/dist/index.js:267:58)
    at Object.match (/home/ubuntu/nextjs-game-platform/node_modules/path-to-regexp/dist/index.js:237:30)
    at matcher (/home/ubuntu/nextjs-game-platform/node_modules/router/lib/layer.js:86:23)
    at new Layer (/home/ubuntu/nextjs-game-platform/node_modules/router/lib/layer.js:93:62)
    at Function.route (/home/ubuntu/nextjs-game-platform/node_modules/router/index.js:428:17)
    at Function.route (/home/ubuntu/nextjs-game-platform/node_modules/express/lib/application.js:257:22)
    at app.<computed> [as get] (/home/ubuntu/nextjs-game-platform/node_modules/express/lib/application.js:478:22)
    at Object.<anonymous> (/home/ubuntu/nextjs-game-platform/server_enhanced.js:2968:7)
TypeError: Missing parameter name at index 1: *; visit https://git.new/pathToRegexpError for info
    at name (/home/ubuntu/nextjs-game-platform/node_modules/path-to-regexp/dist/index.js:96:19)
    at parse (/home/ubuntu/nextjs-game-platform/node_modules/path-to-regexp/dist/index.js:113:68)
    at pathToRegexp (/home/ubuntu/nextjs-game-platform/node_modules/path-to-regexp/dist/index.js:267:58)
    at Object.match (/home/ubuntu/nextjs-game-platform/node_modules/path-to-regexp/dist/index.js:237:30)
    at matcher (/home/ubuntu/nextjs-game-platform/node_modules/router/lib/layer.js:86:23)
    at new Layer (/home/ubuntu/nextjs-game-platform/node_modules/router/lib/layer.js:93:62)
    at Function.route (/home/ubuntu/nextjs-game-platform/node_modules/router/index.js:428:17)
    at Function.route (/home/ubuntu/nextjs-game-platform/node_modules/express/lib/application.js:257:22)
    at app.<computed> [as get] (/home/ubuntu/nextjs-game-platform/node_modules/express/lib/application.js:478:22)
    at Object.<anonymous> (/home/ubuntu/nextjs-game-platform/server_enhanced.js:2968:7)
TypeError: Missing parameter name at index 1: *; visit https://git.new/pathToRegexpError for info
    at name (/home/ubuntu/nextjs-game-platform/node_modules/path-to-regexp/dist/index.js:96:19)
    at parse (/home/ubuntu/nextjs-game-platform/node_modules/path-to-regexp/dist/index.js:113:68)
    at pathToRegexp (/home/ubuntu/nextjs-game-platform/node_modules/path-to-regexp/dist/index.js:267:58)
    at Object.match (/home/ubuntu/nextjs-game-platform/node_modules/path-to-regexp/dist/index.js:237:30)
    at matcher (/home/ubuntu/nextjs-game-platform/node_modules/router/lib/layer.js:86:23)
    at new Layer (/home/ubuntu/nextjs-game-platform/node_modules/router/lib/layer.js:93:62)
    at Function.route (/home/ubuntu/nextjs-game-platform/node_modules/router/index.js:428:17)
    at Function.route (/home/ubuntu/nextjs-game-platform/node_modules/express/lib/application.js:257:22)
    at app.<computed> [as get] (/home/ubuntu/nextjs-game-platform/node_modules/express/lib/application.js:478:22)
    at Object.<anonymous> (/home/ubuntu/nextjs-game-platform/server_enhanced.js:2968:7)
TypeError: Missing parameter name at index 1: *; visit https://git.new/pathToRegexpError for info
    at name (/home/ubuntu/nextjs-game-platform/node_modules/path-to-regexp/dist/index.js:96:19)
    at parse (/home/ubuntu/nextjs-game-platform/node_modules/path-to-regexp/dist/index.js:113:68)
    at pathToRegexp (/home/ubuntu/nextjs-game-platform/node_modules/path-to-regexp/dist/index.js:267:58)
    at Object.match (/home/ubuntu/nextjs-game-platform/node_modules/path-to-regexp/dist/index.js:237:30)
    at matcher (/home/ubuntu/nextjs-game-platform/node_modules/router/lib/layer.js:86:23)
    at new Layer (/home/ubuntu/nextjs-game-platform/node_modules/router/lib/layer.js:93:62)
    at Function.route (/home/ubuntu/nextjs-game-platform/node_modules/router/index.js:428:17)
    at Function.route (/home/ubuntu/nextjs-game-platform/node_modules/express/lib/application.js:257:22)
    at app.<computed> [as get] (/home/ubuntu/nextjs-game-platform/node_modules/express/lib/application.js:478:22)
    at Object.<anonymous> (/home/ubuntu/nextjs-game-platform/server_enhanced.js:2968:7)
TypeError: Missing parameter name at index 1: *; visit https://git.new/pathToRegexpError for info
    at name (/home/ubuntu/nextjs-game-platform/node_modules/path-to-regexp/dist/index.js:96:19)
    at parse (/home/ubuntu/nextjs-game-platform/node_modules/path-to-regexp/dist/index.js:113:68)
    at pathToRegexp (/home/ubuntu/nextjs-game-platform/node_modules/path-to-regexp/dist/index.js:267:58)
    at Object.match (/home/ubuntu/nextjs-game-platform/node_modules/path-to-regexp/dist/index.js:237:30)
    at matcher (/home/ubuntu/nextjs-game-platform/node_modules/router/lib/layer.js:86:23)
    at new Layer (/home/ubuntu/nextjs-game-platform/node_modules/router/lib/layer.js:93:62)
    at Function.route (/home/ubuntu/nextjs-game-platform/node_modules/router/index.js:428:17)
    at Function.route (/home/ubuntu/nextjs-game-platform/node_modules/express/lib/application.js:257:22)
    at app.<computed> [as get] (/home/ubuntu/nextjs-game-platform/node_modules/express/lib/application.js:478:22)
    at Object.<anonymous> (/home/ubuntu/nextjs-game-platform/server_enhanced.js:2968:7)
TypeError: Missing parameter name at index 1: *; visit https://git.new/pathToRegexpError for info
    at name (/home/ubuntu/nextjs-game-platform/node_modules/path-to-regexp/dist/index.js:96:19)
    at parse (/home/ubuntu/nextjs-game-platform/node_modules/path-to-regexp/dist/index.js:113:68)
    at pathToRegexp (/home/ubuntu/nextjs-game-platform/node_modules/path-to-regexp/dist/index.js:267:58)
    at Object.match (/home/ubuntu/nextjs-game-platform/node_modules/path-to-regexp/dist/index.js:237:30)
    at matcher (/home/ubuntu/nextjs-game-platform/node_modules/router/lib/layer.js:86:23)
    at new Layer (/home/ubuntu/nextjs-game-platform/node_modules/router/lib/layer.js:93:62)
    at Function.route (/home/ubuntu/nextjs-game-platform/node_modules/router/index.js:428:17)
    at Function.route (/home/ubuntu/nextjs-game-platform/node_modules/express/lib/application.js:257:22)
    at app.<computed> [as get] (/home/ubuntu/nextjs-game-platform/node_modules/express/lib/application.js:478:22)
    at Object.<anonymous> (/home/ubuntu/nextjs-game-platform/server_enhanced.js:2968:7)
